Using pre-set license
Built from '2020.2/release' branch; Version is '2020.2.1f1 (270dd8c3da1c) revision 2559448'; Using compiler version '192528614'; Build Type 'Release'
OS: 'Windows 10  (10.0.0) 64bit' Language: 'fr' Physical Memory: 16198 MB
BatchMode: 1, IsHumanControllingUs: 0, StartBugReporterOnCrash: 0, Is64bit: 1, IsPro: 0

 COMMAND LINE ARGUMENTS:
C:\Program Files\Unity\Hub\Editor\2020.2.1f1\Editor\Unity.exe
-adb2
-batchMode
-noUpm
-name
AssetImportWorker0
-projectPath
D:/Bibliothèque/Drive/Unity/Unity(logiciel)/Lig/BomberLegend
-logFile
Logs/AssetImportWorker0.log
-srvPort
53400
Successfully changed project path to: D:/Bibliothèque/Drive/Unity/Unity(logiciel)/Lig/BomberLegend
D:/Bibliothèque/Drive/Unity/Unity(logiciel)/Lig/BomberLegend
Using Asset Import Pipeline V2.
Refreshing native plugins compatible for Editor in 32.37 ms, found 1 plugins.
Preloading 0 native plugins for Editor in 0.00 ms.
Initialize engine version: 2020.2.1f1 (270dd8c3da1c)
[Subsystems] Discovering subsystems at path C:/Program Files/Unity/Hub/Editor/2020.2.1f1/Editor/Data/Resources/UnitySubsystems
[Subsystems] Discovering subsystems at path D:/Bibliothèque/Drive/Unity/Unity(logiciel)/Lig/BomberLegend/Assets
GfxDevice: creating device client; threaded=0
Direct3D:
    Version:  Direct3D 11.0 [level 11.1]
    Renderer: NVIDIA GeForce RTX 2070 (ID=0x1f14)
    Vendor:   
    VRAM:     8031 MB
    Driver:   27.21.14.5730
Initialize mono
Mono path[0] = 'C:/Program Files/Unity/Hub/Editor/2020.2.1f1/Editor/Data/Managed'
Mono path[1] = 'C:/Program Files/Unity/Hub/Editor/2020.2.1f1/Editor/Data/MonoBleedingEdge/lib/mono/unityjit'
Mono config path = 'C:/Program Files/Unity/Hub/Editor/2020.2.1f1/Editor/Data/MonoBleedingEdge/etc'
Using monoOptions --debugger-agent=transport=dt_socket,embedding=1,server=y,suspend=n,address=127.0.0.1:56836
Begin MonoManager ReloadAssembly
Registering precompiled unity dll's ...
Register platform support module: C:/Program Files/Unity/Hub/Editor/2020.2.1f1/Editor/Data/PlaybackEngines/WindowsStandaloneSupport/UnityEditor.WindowsStandalone.Extensions.dll
Registered in 0.005504 seconds.
Native extension for WindowsStandalone target not found
Refreshing native plugins compatible for Editor in 30.60 ms, found 1 plugins.
Preloading 0 native plugins for Editor in 0.00 ms.
Invoked RoslynAnalysisRunner static constructor.
RoslynAnalysisRunner will not be running.
RoslynAnalysisRunner has terminated.
Mono: successfully reloaded assembly
- Completed reload, in  0.896 seconds
Platform modules already initialized, skipping
Registering precompiled user dll's ...
Registered in 0.001396 seconds.
Begin MonoManager ReloadAssembly
Native extension for WindowsStandalone target not found
Refreshing native plugins compatible for Editor in 30.65 ms, found 1 plugins.
Preloading 0 native plugins for Editor in 0.00 ms.
Invoked RoslynAnalysisRunner static constructor.
RoslynAnalysisRunner will not be running.
RoslynAnalysisRunner has terminated.
Mono: successfully reloaded assembly
- Completed reload, in  0.950 seconds
Platform modules already initialized, skipping
========================================================================
Worker process is ready to serve import requests
Launched and connected shader compiler UnityShaderCompiler.exe after 0.04 seconds
Refreshing native plugins compatible for Editor in 0.29 ms, found 1 plugins.
Preloading 0 native plugins for Editor in 0.00 ms.
Unloading 1787 Unused Serialized files (Serialized files now loaded: 0)
System memory in use before: 83.5 MB.
System memory in use after: 83.5 MB.

Unloading 24 unused Assets to reduce memory usage. Loaded Objects now: 2226.
Total: 1.675500 ms (FindLiveObjects: 0.174100 ms CreateObjectMapping: 0.100600 ms MarkObjects: 1.311500 ms  DeleteObjects: 0.088600 ms)

========================================================================
Received Import Request.
  path: Assets/Img/heart.png
  artifactKey: Guid(8c18575cc8f0b744b8d7b5feb038a852) Importer(815301076,1909f56bfc062723c751e8b465ee728b)
Start importing Assets/Img/heart.png using Guid(8c18575cc8f0b744b8d7b5feb038a852) Importer(815301076,1909f56bfc062723c751e8b465ee728b)  -> (artifact id: 'e205f6285f4cd4434c15519d3bed339f') in 0.131800 seconds
  Import took 0.139136 seconds .

========================================================================
Received Import Request.
  Time since last request: 0.000153 seconds.
  path: Assets/Img/enemy_spritesheet.png
  artifactKey: Guid(47c04f3ddf1db8246b461d403206f5d9) Importer(815301076,1909f56bfc062723c751e8b465ee728b)
Start importing Assets/Img/enemy_spritesheet.png using Guid(47c04f3ddf1db8246b461d403206f5d9) Importer(815301076,1909f56bfc062723c751e8b465ee728b)  -> (artifact id: 'b1fea90a3303f1ef359ad1884142d25d') in 0.017969 seconds
  Import took 0.021308 seconds .

========================================================================
Received Import Request.
  Time since last request: 0.000226 seconds.
  path: Assets/Img/bomb_party_v4.png
  artifactKey: Guid(5d2ac80be284ffd4886c47cec4181cfd) Importer(815301076,1909f56bfc062723c751e8b465ee728b)
Start importing Assets/Img/bomb_party_v4.png using Guid(5d2ac80be284ffd4886c47cec4181cfd) Importer(815301076,1909f56bfc062723c751e8b465ee728b)  -> (artifact id: '17a870dceb216cd1e857a6519041d8a9') in 0.025624 seconds
  Import took 0.029733 seconds .

========================================================================
Received Import Request.
  Time since last request: 0.000152 seconds.
  path: Assets/Img/title_message.png
  artifactKey: Guid(72b30766b6c81944e917f3a0a43b274a) Importer(815301076,1909f56bfc062723c751e8b465ee728b)
Start importing Assets/Img/title_message.png using Guid(72b30766b6c81944e917f3a0a43b274a) Importer(815301076,1909f56bfc062723c751e8b465ee728b)  -> (artifact id: '41fc603f01bd6c01d8cd252dd6a17d1c') in 0.018824 seconds
  Import took 0.022282 seconds .

========================================================================
Received Import Request.
  Time since last request: 0.000204 seconds.
  path: Assets/Img/player_spritesheet.png
  artifactKey: Guid(f4a85cf3ac0d8bb4c81a4a0384018efa) Importer(815301076,1909f56bfc062723c751e8b465ee728b)
Start importing Assets/Img/player_spritesheet.png using Guid(f4a85cf3ac0d8bb4c81a4a0384018efa) Importer(815301076,1909f56bfc062723c751e8b465ee728b)  -> (artifact id: '12793fabf96864d7af05d62141191263') in 0.047621 seconds
  Import took 0.050926 seconds .

========================================================================
Received Import Request.
  Time since last request: 0.000168 seconds.
  path: Assets/Img
  artifactKey: Guid(5ab92f213d637dc4abb8a7abfbd597eb) Importer(815301076,1909f56bfc062723c751e8b465ee728b)
Start importing Assets/Img using Guid(5ab92f213d637dc4abb8a7abfbd597eb) Importer(815301076,1909f56bfc062723c751e8b465ee728b)  -> (artifact id: '4472bdf77fbfb943df17a3efa22dd712') in 0.005969 seconds
  Import took 0.009281 seconds .

========================================================================
Received Import Request.
  Time since last request: 0.000161 seconds.
  path: Assets/Img/bomberman_spritesheet.png
  artifactKey: Guid(de19009ce5d73e8498c29f2a657cd555) Importer(815301076,1909f56bfc062723c751e8b465ee728b)
Start importing Assets/Img/bomberman_spritesheet.png using Guid(de19009ce5d73e8498c29f2a657cd555) Importer(815301076,1909f56bfc062723c751e8b465ee728b)  -> (artifact id: '9125ca2776eecef8e5defdd937629d85') in 0.141027 seconds
  Import took 0.149284 seconds .

========================================================================
Received Import Request.
  Time since last request: 0.000147 seconds.
  path: Assets/Img/explosion.png
  artifactKey: Guid(aa679a927eef1b541b0d5f30a0e1d90a) Importer(815301076,1909f56bfc062723c751e8b465ee728b)
Start importing Assets/Img/explosion.png using Guid(aa679a927eef1b541b0d5f30a0e1d90a) Importer(815301076,1909f56bfc062723c751e8b465ee728b)  -> (artifact id: 'ff7362a41ee5b560386c82227699e217') in 0.016020 seconds
  Import took 0.018340 seconds .

========================================================================
Received Import Request.
  Time since last request: 0.000165 seconds.
  path: Assets/Img/bomb_spritesheet.png
  artifactKey: Guid(3e2383b324043e44d9fdbebf70cfd5c2) Importer(815301076,1909f56bfc062723c751e8b465ee728b)
Start importing Assets/Img/bomb_spritesheet.png using Guid(3e2383b324043e44d9fdbebf70cfd5c2) Importer(815301076,1909f56bfc062723c751e8b465ee728b)  -> (artifact id: '58226533bb016027067f31907e43def4') in 0.022068 seconds
  Import took 0.024755 seconds .

========================================================================
Received Import Request.
  Time since last request: 594.850670 seconds.
  path: Assets/Scenes/SampleScene.unity
  artifactKey: Guid(2cda990e2423bbf4892e6590ba056729) Importer(815301076,1909f56bfc062723c751e8b465ee728b)
Start importing Assets/Scenes/SampleScene.unity using Guid(2cda990e2423bbf4892e6590ba056729) Importer(815301076,1909f56bfc062723c751e8b465ee728b)  -> (artifact id: '68e638b9c95263cbd6c5b1eb18544bd4') in 0.009156 seconds
  Import took 0.017618 seconds .

========================================================================
Received Import Request.
  Time since last request: 9.814096 seconds.
  path: Assets/Scenes/Title.unity
  artifactKey: Guid(2cda990e2423bbf4892e6590ba056729) Importer(815301076,1909f56bfc062723c751e8b465ee728b)
Start importing Assets/Scenes/Title.unity using Guid(2cda990e2423bbf4892e6590ba056729) Importer(815301076,1909f56bfc062723c751e8b465ee728b)  -> (artifact id: '37c45d21e1e02fef77061bb938c676ad') in 0.010740 seconds
  Import took 0.019414 seconds .

========================================================================
Received Import Request.
  Time since last request: 1168.530528 seconds.
  path: Assets/Script
  artifactKey: Guid(d061164d844f2294387b975be21334e0) Importer(815301076,1909f56bfc062723c751e8b465ee728b)
Start importing Assets/Script using Guid(d061164d844f2294387b975be21334e0) Importer(815301076,1909f56bfc062723c751e8b465ee728b)  -> (artifact id: 'e5c9a040b124af482c884bbe765f6d91') in 0.010167 seconds
  Import took 0.018848 seconds .

========================================================================
Received Import Request.
  Time since last request: 11.470709 seconds.
  path: Assets/Script/LoadScene.cs
  artifactKey: Guid(f12935d271697e74f9a76f4e8ac4f214) Importer(815301076,1909f56bfc062723c751e8b465ee728b)
Start importing Assets/Script/LoadScene.cs using Guid(f12935d271697e74f9a76f4e8ac4f214) Importer(815301076,1909f56bfc062723c751e8b465ee728b)  -> (artifact id: 'ec767116a6b84fda208079b2c0febbe3') in 0.024067 seconds
  Import took 0.035318 seconds .

========================================================================
Received Prepare
Registering precompiled user dll's ...
Registered in 0.000984 seconds.
Begin MonoManager ReloadAssembly
Native extension for WindowsStandalone target not found
Refreshing native plugins compatible for Editor in 0.69 ms, found 1 plugins.
Preloading 0 native plugins for Editor in 0.00 ms.
Invoked RoslynAnalysisRunner static constructor.
RoslynAnalysisRunner will not be running.
RoslynAnalysisRunner has terminated.
Mono: successfully reloaded assembly
- Completed reload, in  1.312 seconds
Platform modules already initialized, skipping
Refreshing native plugins compatible for Editor in 0.42 ms, found 1 plugins.
Preloading 0 native plugins for Editor in 0.00 ms.
Unloading 1783 Unused Serialized files (Serialized files now loaded: 0)
System memory in use before: 86.7 MB.
System memory in use after: 86.7 MB.

Unloading 12 unused Assets to reduce memory usage. Loaded Objects now: 2261.
Total: 1.592500 ms (FindLiveObjects: 0.157100 ms CreateObjectMapping: 0.058500 ms MarkObjects: 1.300700 ms  DeleteObjects: 0.075500 ms)

========================================================================
Received Prepare
Registering precompiled user dll's ...
Registered in 0.001082 seconds.
Begin MonoManager ReloadAssembly
Native extension for WindowsStandalone target not found
Refreshing native plugins compatible for Editor in 0.59 ms, found 1 plugins.
Preloading 0 native plugins for Editor in 0.00 ms.
Invoked RoslynAnalysisRunner static constructor.
RoslynAnalysisRunner will not be running.
RoslynAnalysisRunner has terminated.
Mono: successfully reloaded assembly
- Completed reload, in  1.077 seconds
Platform modules already initialized, skipping
Refreshing native plugins compatible for Editor in 0.37 ms, found 1 plugins.
Preloading 0 native plugins for Editor in 0.00 ms.
Unloading 1783 Unused Serialized files (Serialized files now loaded: 0)
System memory in use before: 86.8 MB.
System memory in use after: 86.8 MB.

Unloading 12 unused Assets to reduce memory usage. Loaded Objects now: 2264.
Total: 1.757700 ms (FindLiveObjects: 0.169800 ms CreateObjectMapping: 0.094800 ms MarkObjects: 1.409100 ms  DeleteObjects: 0.082700 ms)

========================================================================
Received Import Request.
  Time since last request: 45.601885 seconds.
  path: Assets/Script/LoadScene.cs
  artifactKey: Guid(f12935d271697e74f9a76f4e8ac4f214) Importer(815301076,1909f56bfc062723c751e8b465ee728b)
Start importing Assets/Script/LoadScene.cs using Guid(f12935d271697e74f9a76f4e8ac4f214) Importer(815301076,1909f56bfc062723c751e8b465ee728b)  -> (artifact id: '5d35fa71a2155f9287c760657a37071e') in 0.005149 seconds
  Import took 0.012974 seconds .

========================================================================
Received Prepare
Registering precompiled user dll's ...
Registered in 0.000961 seconds.
Begin MonoManager ReloadAssembly
Native extension for WindowsStandalone target not found
Refreshing native plugins compatible for Editor in 0.33 ms, found 1 plugins.
Preloading 0 native plugins for Editor in 0.00 ms.
Invoked RoslynAnalysisRunner static constructor.
RoslynAnalysisRunner will not be running.
RoslynAnalysisRunner has terminated.
Mono: successfully reloaded assembly
- Completed reload, in  0.972 seconds
Platform modules already initialized, skipping
Refreshing native plugins compatible for Editor in 0.31 ms, found 1 plugins.
Preloading 0 native plugins for Editor in 0.00 ms.
Unloading 1784 Unused Serialized files (Serialized files now loaded: 0)
System memory in use before: 86.9 MB.
System memory in use after: 86.9 MB.

Unloading 12 unused Assets to reduce memory usage. Loaded Objects now: 2268.
Total: 1.846100 ms (FindLiveObjects: 0.196400 ms CreateObjectMapping: 0.072400 ms MarkObjects: 1.480200 ms  DeleteObjects: 0.095900 ms)

========================================================================
Received Import Request.
  Time since last request: 29.944105 seconds.
  path: Assets/Loadscene.cs
  artifactKey: Guid(4c2c93196afea0846891d6dc28728a71) Importer(815301076,1909f56bfc062723c751e8b465ee728b)
Start importing Assets/Loadscene.cs using Guid(4c2c93196afea0846891d6dc28728a71) Importer(815301076,1909f56bfc062723c751e8b465ee728b)  -> (artifact id: 'd67c790530f41dc8ef65d07dfe437d2f') in 0.010053 seconds
  Import took 0.019217 seconds .

========================================================================
Received Prepare
Registering precompiled user dll's ...
Registered in 0.001579 seconds.
Begin MonoManager ReloadAssembly
Native extension for WindowsStandalone target not found
Refreshing native plugins compatible for Editor in 0.60 ms, found 1 plugins.
Preloading 0 native plugins for Editor in 0.00 ms.
Invoked RoslynAnalysisRunner static constructor.
RoslynAnalysisRunner will not be running.
RoslynAnalysisRunner has terminated.
Mono: successfully reloaded assembly
- Completed reload, in  1.036 seconds
Platform modules already initialized, skipping
Refreshing native plugins compatible for Editor in 0.30 ms, found 1 plugins.
Preloading 0 native plugins for Editor in 0.00 ms.
Unloading 1784 Unused Serialized files (Serialized files now loaded: 0)
System memory in use before: 87.0 MB.
System memory in use after: 87.0 MB.

Unloading 12 unused Assets to reduce memory usage. Loaded Objects now: 2271.
Total: 1.671600 ms (FindLiveObjects: 0.174100 ms CreateObjectMapping: 0.063600 ms MarkObjects: 1.347400 ms  DeleteObjects: 0.085000 ms)

========================================================================
Received Prepare
Registering precompiled user dll's ...
Registered in 0.001122 seconds.
Begin MonoManager ReloadAssembly
Native extension for WindowsStandalone target not found
Refreshing native plugins compatible for Editor in 0.40 ms, found 1 plugins.
Preloading 0 native plugins for Editor in 0.00 ms.
Invoked RoslynAnalysisRunner static constructor.
RoslynAnalysisRunner will not be running.
RoslynAnalysisRunner has terminated.
Mono: successfully reloaded assembly
- Completed reload, in  0.934 seconds
Platform modules already initialized, skipping
Refreshing native plugins compatible for Editor in 0.49 ms, found 1 plugins.
Preloading 0 native plugins for Editor in 0.00 ms.
Unloading 1783 Unused Serialized files (Serialized files now loaded: 0)
System memory in use before: 87.1 MB.
System memory in use after: 87.1 MB.

Unloading 13 unused Assets to reduce memory usage. Loaded Objects now: 2273.
Total: 2.756100 ms (FindLiveObjects: 0.419300 ms CreateObjectMapping: 0.163300 ms MarkObjects: 2.030700 ms  DeleteObjects: 0.140700 ms)

========================================================================
Received Import Request.
  Time since last request: 54.947346 seconds.
  path: Assets/Scenes
  artifactKey: Guid(322cdf097a00bdc49a3cd7cc77473476) Importer(815301076,1909f56bfc062723c751e8b465ee728b)
Start importing Assets/Scenes using Guid(322cdf097a00bdc49a3cd7cc77473476) Importer(815301076,1909f56bfc062723c751e8b465ee728b)  -> (artifact id: 'f204ba3d3a54211f20f936d2d6f11826') in 0.011986 seconds
  Import took 0.022437 seconds .

========================================================================
Received Import Request.
  Time since last request: 14.005646 seconds.
  path: Assets/Scenes/New Scene.unity
  artifactKey: Guid(9e9dc9021d4c6a541a275cbd5b61a1f2) Importer(815301076,1909f56bfc062723c751e8b465ee728b)
Start importing Assets/Scenes/New Scene.unity using Guid(9e9dc9021d4c6a541a275cbd5b61a1f2) Importer(815301076,1909f56bfc062723c751e8b465ee728b)  -> (artifact id: '81886f6e38443aca457e730fe6858b1d') in 0.030759 seconds
  Import took 0.044519 seconds .

========================================================================
Received Import Request.
  Time since last request: 3.126848 seconds.
  path: Assets/Scenes/Battle.unity
  artifactKey: Guid(9e9dc9021d4c6a541a275cbd5b61a1f2) Importer(815301076,1909f56bfc062723c751e8b465ee728b)
Start importing Assets/Scenes/Battle.unity using Guid(9e9dc9021d4c6a541a275cbd5b61a1f2) Importer(815301076,1909f56bfc062723c751e8b465ee728b)  -> (artifact id: 'd3e3a7beccf0e59c633a2b50bacad4eb') in 0.008252 seconds
  Import took 0.016248 seconds .

========================================================================
Received Prepare
Registering precompiled user dll's ...
Registered in 0.001306 seconds.
Begin MonoManager ReloadAssembly
Native extension for WindowsStandalone target not found
Refreshing native plugins compatible for Editor in 0.32 ms, found 1 plugins.
Preloading 0 native plugins for Editor in 0.00 ms.
Invoked RoslynAnalysisRunner static constructor.
RoslynAnalysisRunner will not be running.
RoslynAnalysisRunner has terminated.
Mono: successfully reloaded assembly
- Completed reload, in  1.031 seconds
Platform modules already initialized, skipping
Refreshing native plugins compatible for Editor in 0.35 ms, found 1 plugins.
Preloading 0 native plugins for Editor in 0.00 ms.
Unloading 1783 Unused Serialized files (Serialized files now loaded: 0)
System memory in use before: 87.1 MB.
System memory in use after: 87.1 MB.

Unloading 12 unused Assets to reduce memory usage. Loaded Objects now: 2276.
Total: 2.537400 ms (FindLiveObjects: 0.275500 ms CreateObjectMapping: 0.106600 ms MarkObjects: 2.037400 ms  DeleteObjects: 0.116500 ms)

========================================================================
Received Import Request.
  Time since last request: 415.023539 seconds.
  path: Assets/Img/bomberman_spritesheet.png
  artifactKey: Guid(de19009ce5d73e8498c29f2a657cd555) Importer(815301076,1909f56bfc062723c751e8b465ee728b)
Start importing Assets/Img/bomberman_spritesheet.png using Guid(de19009ce5d73e8498c29f2a657cd555) Importer(815301076,1909f56bfc062723c751e8b465ee728b)  -> (artifact id: 'cabddfb9d51e03db5feafe537d821d91') in 0.216917 seconds
  Import took 0.220773 seconds .

========================================================================
Received Import Request.
  Time since last request: 23.018050 seconds.
  path: Assets/Img/bomberman_spritesheet.png
  artifactKey: Guid(de19009ce5d73e8498c29f2a657cd555) Importer(815301076,1909f56bfc062723c751e8b465ee728b)
Start importing Assets/Img/bomberman_spritesheet.png using Guid(de19009ce5d73e8498c29f2a657cd555) Importer(815301076,1909f56bfc062723c751e8b465ee728b)  -> (artifact id: 'c4f8cd8f01a34f6efa1e7c26a00b8ed3') in 0.107339 seconds
  Import took 0.110743 seconds .

========================================================================
Received Import Request.
  Time since last request: 78.084722 seconds.
  path: Assets/Img/bomberman_spritesheet.png
  artifactKey: Guid(de19009ce5d73e8498c29f2a657cd555) Importer(815301076,1909f56bfc062723c751e8b465ee728b)
Start importing Assets/Img/bomberman_spritesheet.png using Guid(de19009ce5d73e8498c29f2a657cd555) Importer(815301076,1909f56bfc062723c751e8b465ee728b)  -> (artifact id: 'd53ef3113f1ff46e0d62140ec7610ba2') in 0.095978 seconds
  Import took 0.099275 seconds .

========================================================================
Received Import Request.
  Time since last request: 445.826340 seconds.
  path: Assets/Prefab/Block.prefab
  artifactKey: Guid(00e5f9a052ea06045bc1f4444af2167e) Importer(815301076,1909f56bfc062723c751e8b465ee728b)
Start importing Assets/Prefab/Block.prefab using Guid(00e5f9a052ea06045bc1f4444af2167e) Importer(815301076,1909f56bfc062723c751e8b465ee728b)  -> (artifact id: '316f8d036791a0e63d26e4c90b33a592') in 0.054383 seconds
  Import took 0.063034 seconds .

========================================================================
Received Import Request.
  Time since last request: 0.000170 seconds.
  path: Assets/Prefab/Player.prefab
  artifactKey: Guid(727ff9321da41364abab93ae020eb18e) Importer(815301076,1909f56bfc062723c751e8b465ee728b)
Start importing Assets/Prefab/Player.prefab using Guid(727ff9321da41364abab93ae020eb18e) Importer(815301076,1909f56bfc062723c751e8b465ee728b)  -> (artifact id: 'e118c7528ad2b02997d2f041b24d3910') in 0.024422 seconds
  Import took 0.028504 seconds .

========================================================================
Received Import Request.
  Time since last request: 0.006359 seconds.
  path: Assets/Prefab/Player.prefab
  artifactKey: Guid(727ff9321da41364abab93ae020eb18e) Importer(815301076,1909f56bfc062723c751e8b465ee728b)
Start importing Assets/Prefab/Player.prefab using Guid(727ff9321da41364abab93ae020eb18e) Importer(815301076,1909f56bfc062723c751e8b465ee728b)  -> (artifact id: 'e118c7528ad2b02997d2f041b24d3910') in 0.015848 seconds
  Import took 0.018957 seconds .

========================================================================
Received Import Request.
  Time since last request: 36.225398 seconds.
  path: ProjectSettings/TagManager.asset
  artifactKey: Guid(00000000000000003000000000000000) Importer(815301076,1909f56bfc062723c751e8b465ee728b)
Start importing ProjectSettings/TagManager.asset using Guid(00000000000000003000000000000000) Importer(815301076,1909f56bfc062723c751e8b465ee728b)  -> (artifact id: '2a276bfe1a8cbeea2c89852a4ad7a997') in 0.011639 seconds
  Import took 0.019807 seconds .

========================================================================
Received Import Request.
  Time since last request: 16.830202 seconds.
  path: Assets/Prefab/Block.prefab
  artifactKey: Guid(00e5f9a052ea06045bc1f4444af2167e) Importer(815301076,1909f56bfc062723c751e8b465ee728b)
Start importing Assets/Prefab/Block.prefab using Guid(00e5f9a052ea06045bc1f4444af2167e) Importer(815301076,1909f56bfc062723c751e8b465ee728b)  -> (artifact id: 'ab01d1c4f2817abcdd1cfb560fd61ccf') in 0.010105 seconds
  Import took 0.013179 seconds .

========================================================================
Received Import Request.
  Time since last request: 0.002377 seconds.
  path: Assets/Prefab/Block.prefab
  artifactKey: Guid(00e5f9a052ea06045bc1f4444af2167e) Importer(815301076,1909f56bfc062723c751e8b465ee728b)
Start importing Assets/Prefab/Block.prefab using Guid(00e5f9a052ea06045bc1f4444af2167e) Importer(815301076,1909f56bfc062723c751e8b465ee728b)  -> (artifact id: 'ab01d1c4f2817abcdd1cfb560fd61ccf') in 0.011529 seconds
  Import took 0.015529 seconds .

========================================================================
Received Import Request.
  Time since last request: 122.173802 seconds.
  path: Assets/Prefab
  artifactKey: Guid(2969346071287e047a0de30eb9294f2f) Importer(815301076,1909f56bfc062723c751e8b465ee728b)
Start importing Assets/Prefab using Guid(2969346071287e047a0de30eb9294f2f) Importer(815301076,1909f56bfc062723c751e8b465ee728b)  -> (artifact id: 'a2b12dfcad0111d8a3b6b457e8ccdad9') in 0.008117 seconds
  Import took 0.011085 seconds .

========================================================================
Received Import Request.
  Time since last request: 207.384967 seconds.
  path: Assets/Prefab/Player.prefab
  artifactKey: Guid(727ff9321da41364abab93ae020eb18e) Importer(815301076,1909f56bfc062723c751e8b465ee728b)
Start importing Assets/Prefab/Player.prefab using Guid(727ff9321da41364abab93ae020eb18e) Importer(815301076,1909f56bfc062723c751e8b465ee728b)  -> (artifact id: 'bad8f67a43c3e454b41492338bbc6793') in 0.008566 seconds
  Import took 0.012112 seconds .

========================================================================
Received Import Request.
  Time since last request: 0.001800 seconds.
  path: Assets/Prefab/Player.prefab
  artifactKey: Guid(727ff9321da41364abab93ae020eb18e) Importer(815301076,1909f56bfc062723c751e8b465ee728b)
Start importing Assets/Prefab/Player.prefab using Guid(727ff9321da41364abab93ae020eb18e) Importer(815301076,1909f56bfc062723c751e8b465ee728b)  -> (artifact id: 'bad8f67a43c3e454b41492338bbc6793') in 0.004776 seconds
  Import took 0.008249 seconds .

========================================================================
Received Import Request.
  Time since last request: 7.359287 seconds.
  path: Assets/Prefab/Player.prefab
  artifactKey: Guid(727ff9321da41364abab93ae020eb18e) Importer(815301076,1909f56bfc062723c751e8b465ee728b)
Start importing Assets/Prefab/Player.prefab using Guid(727ff9321da41364abab93ae020eb18e) Importer(815301076,1909f56bfc062723c751e8b465ee728b)  -> (artifact id: 'b32c00376cd784b22083167e4f19fced') in 0.004286 seconds
  Import took 0.006841 seconds .

========================================================================
Received Import Request.
  Time since last request: 0.012878 seconds.
  path: Assets/Prefab/Player.prefab
  artifactKey: Guid(727ff9321da41364abab93ae020eb18e) Importer(815301076,1909f56bfc062723c751e8b465ee728b)
Start importing Assets/Prefab/Player.prefab using Guid(727ff9321da41364abab93ae020eb18e) Importer(815301076,1909f56bfc062723c751e8b465ee728b)  -> (artifact id: 'b32c00376cd784b22083167e4f19fced') in 0.007095 seconds
  Import took 0.010469 seconds .

========================================================================
Received Import Request.
  Time since last request: 5.337360 seconds.
  path: Assets/Maps
  artifactKey: Guid(29d7f1b60ecbc964d854342dfd04b0a1) Importer(815301076,1909f56bfc062723c751e8b465ee728b)
Start importing Assets/Maps using Guid(29d7f1b60ecbc964d854342dfd04b0a1) Importer(815301076,1909f56bfc062723c751e8b465ee728b)  -> (artifact id: '57580138070e5f79068252229a533707') in 0.009339 seconds
  Import took 0.013400 seconds .

========================================================================
Received Import Request.
  Time since last request: 0.002208 seconds.
  path: Assets/Maps
  artifactKey: Guid(29d7f1b60ecbc964d854342dfd04b0a1) Importer(815301076,1909f56bfc062723c751e8b465ee728b)
Start importing Assets/Maps using Guid(29d7f1b60ecbc964d854342dfd04b0a1) Importer(815301076,1909f56bfc062723c751e8b465ee728b)  -> (artifact id: '57580138070e5f79068252229a533707') in 0.003153 seconds
  Import took 0.006450 seconds .

========================================================================
Received Import Request.
  Time since last request: 1.294844 seconds.
  path: Assets/Maps/bomberman_spritesheet_0.asset
  artifactKey: Guid(ce731d1fe3246b74b999f2e4d6557ec9) Importer(815301076,1909f56bfc062723c751e8b465ee728b)
Start importing Assets/Maps/bomberman_spritesheet_0.asset using Guid(ce731d1fe3246b74b999f2e4d6557ec9) Importer(815301076,1909f56bfc062723c751e8b465ee728b)  -> (artifact id: '2f59b38b6f1f6214695d8e88e6095f9f') in 0.025818 seconds
  Import took 0.033514 seconds .

========================================================================
Received Import Request.
  Time since last request: 0.000137 seconds.
  path: Assets/Maps/bomberman_spritesheet_14.asset
  artifactKey: Guid(5a8f939fdde87934bb82dc18113f12f1) Importer(815301076,1909f56bfc062723c751e8b465ee728b)
Start importing Assets/Maps/bomberman_spritesheet_14.asset using Guid(5a8f939fdde87934bb82dc18113f12f1) Importer(815301076,1909f56bfc062723c751e8b465ee728b)  -> (artifact id: 'f9858ab9b6a3640789fea6cbbb88f740') in 0.015525 seconds
  Import took 0.018111 seconds .

========================================================================
Received Import Request.
  Time since last request: 0.000186 seconds.
  path: Assets/Maps/bomberman_spritesheet_37.asset
  artifactKey: Guid(8126436b4dc04f342a966b376493a942) Importer(815301076,1909f56bfc062723c751e8b465ee728b)
Start importing Assets/Maps/bomberman_spritesheet_37.asset using Guid(8126436b4dc04f342a966b376493a942) Importer(815301076,1909f56bfc062723c751e8b465ee728b)  -> (artifact id: 'cdc434d77a9af417d71b5ff5ca867c30') in 0.026168 seconds
  Import took 0.030436 seconds .

========================================================================
Received Import Request.
  Time since last request: 0.000327 seconds.
  path: Assets/Maps/bomberman_spritesheet_16.asset
  artifactKey: Guid(157c684fa5ceebe48936d314cbcf5daa) Importer(815301076,1909f56bfc062723c751e8b465ee728b)
Start importing Assets/Maps/bomberman_spritesheet_16.asset using Guid(157c684fa5ceebe48936d314cbcf5daa) Importer(815301076,1909f56bfc062723c751e8b465ee728b)  -> (artifact id: '27728b26bce1c11d550304a1642d04f5') in 0.023259 seconds
  Import took 0.027096 seconds .

========================================================================
Received Import Request.
  Time since last request: 0.000293 seconds.
  path: Assets/Maps/bomberman_spritesheet_33.asset
  artifactKey: Guid(66fdd8b864176fa4a97f6ddc281aa078) Importer(815301076,1909f56bfc062723c751e8b465ee728b)
Start importing Assets/Maps/bomberman_spritesheet_33.asset using Guid(66fdd8b864176fa4a97f6ddc281aa078) Importer(815301076,1909f56bfc062723c751e8b465ee728b)  -> (artifact id: '0ebbc3abccf46d6ea7e2f7fe85735929') in 0.019541 seconds
  Import took 0.022711 seconds .

========================================================================
Received Import Request.
  Time since last request: 0.000197 seconds.
  path: Assets/Maps/bomberman_spritesheet_3.asset
  artifactKey: Guid(040dac088f39f3b49a0774ac2300ccaf) Importer(815301076,1909f56bfc062723c751e8b465ee728b)
Start importing Assets/Maps/bomberman_spritesheet_3.asset using Guid(040dac088f39f3b49a0774ac2300ccaf) Importer(815301076,1909f56bfc062723c751e8b465ee728b)  -> (artifact id: '93d25363ae1a97e434a7f59f9d520db5') in 0.017716 seconds
  Import took 0.020725 seconds .

========================================================================
Received Import Request.
  Time since last request: 0.000138 seconds.
  path: Assets/Maps/bomberman_spritesheet_9.asset
  artifactKey: Guid(5905650822df0cb42ac214e156bf946d) Importer(815301076,1909f56bfc062723c751e8b465ee728b)
Start importing Assets/Maps/bomberman_spritesheet_9.asset using Guid(5905650822df0cb42ac214e156bf946d) Importer(815301076,1909f56bfc062723c751e8b465ee728b)  -> (artifact id: 'f18cbfa50b5eb5f845f54c50813f87ef') in 0.019224 seconds
  Import took 0.021843 seconds .

========================================================================
Received Import Request.
  Time since last request: 0.000236 seconds.
  path: Assets/Maps/bomberman_spritesheet_4.asset
  artifactKey: Guid(b73ea8bb0d492e347a65efb251278558) Importer(815301076,1909f56bfc062723c751e8b465ee728b)
Start importing Assets/Maps/bomberman_spritesheet_4.asset using Guid(b73ea8bb0d492e347a65efb251278558) Importer(815301076,1909f56bfc062723c751e8b465ee728b)  -> (artifact id: '870d9224209c51dd7092ce164e3429c3') in 0.019305 seconds
  Import took 0.021866 seconds .

========================================================================
Received Import Request.
  Time since last request: 0.000148 seconds.
  path: Assets/Maps/bomberman_spritesheet_18.asset
  artifactKey: Guid(57a45c817aee22e4390fa1ada76f81f8) Importer(815301076,1909f56bfc062723c751e8b465ee728b)
Start importing Assets/Maps/bomberman_spritesheet_18.asset using Guid(57a45c817aee22e4390fa1ada76f81f8) Importer(815301076,1909f56bfc062723c751e8b465ee728b)  -> (artifact id: '2e39d3ef144cc9b6d366e05a743233cf') in 0.017823 seconds
  Import took 0.020897 seconds .

========================================================================
Received Import Request.
  Time since last request: 0.000148 seconds.
  path: Assets/Maps/bomberman_spritesheet_17.asset
  artifactKey: Guid(33395b7f1ff1478449bfcb91a04fd878) Importer(815301076,1909f56bfc062723c751e8b465ee728b)
Start importing Assets/Maps/bomberman_spritesheet_17.asset using Guid(33395b7f1ff1478449bfcb91a04fd878) Importer(815301076,1909f56bfc062723c751e8b465ee728b)  -> (artifact id: 'd7d50089518ae2b7d02217797dff27ae') in 0.018492 seconds
  Import took 0.021077 seconds .

========================================================================
Received Import Request.
  Time since last request: 0.000150 seconds.
  path: Assets/Maps/bomberman_spritesheet_22.asset
  artifactKey: Guid(48637153a3094da4eaf1d6d349c24ab5) Importer(815301076,1909f56bfc062723c751e8b465ee728b)
Start importing Assets/Maps/bomberman_spritesheet_22.asset using Guid(48637153a3094da4eaf1d6d349c24ab5) Importer(815301076,1909f56bfc062723c751e8b465ee728b)  -> (artifact id: 'ffc6effdb80a88703bcfbbb7b3262b96') in 0.019192 seconds
  Import took 0.022504 seconds .

========================================================================
Received Import Request.
  Time since last request: 0.000164 seconds.
  path: Assets/Maps/bomberman_spritesheet_19.asset
  artifactKey: Guid(2c8eee44e44dd144b9585df8ea075b00) Importer(815301076,1909f56bfc062723c751e8b465ee728b)
Start importing Assets/Maps/bomberman_spritesheet_19.asset using Guid(2c8eee44e44dd144b9585df8ea075b00) Importer(815301076,1909f56bfc062723c751e8b465ee728b)  -> (artifact id: 'b6951e08a438d536f879a191c815477e') in 0.016421 seconds
  Import took 0.019632 seconds .

========================================================================
Received Import Request.
  Time since last request: 0.000149 seconds.
  path: Assets/Maps/bomberman_spritesheet_32.asset
  artifactKey: Guid(cb349b72e9738e646864f88efa248573) Importer(815301076,1909f56bfc062723c751e8b465ee728b)
Start importing Assets/Maps/bomberman_spritesheet_32.asset using Guid(cb349b72e9738e646864f88efa248573) Importer(815301076,1909f56bfc062723c751e8b465ee728b)  -> (artifact id: '6893dd6575a33ec0bfc77b7a47c60179') in 0.018763 seconds
  Import took 0.021278 seconds .

========================================================================
Received Import Request.
  Time since last request: 0.000226 seconds.
  path: Assets/Maps/bomberman_spritesheet_1.asset
  artifactKey: Guid(8ba73491e5cd84a4babe8b9c6f4ca247) Importer(815301076,1909f56bfc062723c751e8b465ee728b)
Start importing Assets/Maps/bomberman_spritesheet_1.asset using Guid(8ba73491e5cd84a4babe8b9c6f4ca247) Importer(815301076,1909f56bfc062723c751e8b465ee728b)  -> (artifact id: 'f36c278bdfc8f6ffa0b84ab3168989a1') in 0.016941 seconds
  Import took 0.020308 seconds .

========================================================================
Received Import Request.
  Time since last request: 0.000272 seconds.
  path: Assets/Maps/bomberman_spritesheet_35.asset
  artifactKey: Guid(a6541f51c6b896546a1e60d3e7ee8302) Importer(815301076,1909f56bfc062723c751e8b465ee728b)
Start importing Assets/Maps/bomberman_spritesheet_35.asset using Guid(a6541f51c6b896546a1e60d3e7ee8302) Importer(815301076,1909f56bfc062723c751e8b465ee728b)  -> (artifact id: '41981c852b5c137c48d6dedca043fc20') in 0.017828 seconds
  Import took 0.021513 seconds .

========================================================================
Received Import Request.
  Time since last request: 0.000152 seconds.
  path: Assets/Maps/bomberman_spritesheet_12.asset
  artifactKey: Guid(7ba1fb90ce539b846ab06828c236e703) Importer(815301076,1909f56bfc062723c751e8b465ee728b)
Start importing Assets/Maps/bomberman_spritesheet_12.asset using Guid(7ba1fb90ce539b846ab06828c236e703) Importer(815301076,1909f56bfc062723c751e8b465ee728b)  -> (artifact id: 'cfa0459c0d49aed8675f8880cb6f2829') in 0.020062 seconds
  Import took 0.023222 seconds .

========================================================================
Received Import Request.
  Time since last request: 0.000361 seconds.
  path: Assets/Maps/bomberman_spritesheet_31.asset
  artifactKey: Guid(c8f0e14321e34b1479ad57c176639401) Importer(815301076,1909f56bfc062723c751e8b465ee728b)
Start importing Assets/Maps/bomberman_spritesheet_31.asset using Guid(c8f0e14321e34b1479ad57c176639401) Importer(815301076,1909f56bfc062723c751e8b465ee728b)  -> (artifact id: '4eb192be4f5f35690ffb5d0d7e636a0f') in 0.017434 seconds
  Import took 0.025484 seconds .

========================================================================
Received Import Request.
  Time since last request: 0.000159 seconds.
  path: Assets/Maps/bomberman_spritesheet_13.asset
  artifactKey: Guid(2db6d343f8b3b084f82c24adef52e62a) Importer(815301076,1909f56bfc062723c751e8b465ee728b)
Start importing Assets/Maps/bomberman_spritesheet_13.asset using Guid(2db6d343f8b3b084f82c24adef52e62a) Importer(815301076,1909f56bfc062723c751e8b465ee728b)  -> (artifact id: '548184ea7baafca76212f9feca7cf3ff') in 0.016461 seconds
  Import took 0.019412 seconds .

========================================================================
Received Import Request.
  Time since last request: 0.000141 seconds.
  path: Assets/Maps/bomberman_spritesheet_20.asset
  artifactKey: Guid(308f1d31a81e99f4a9fb7538858f7334) Importer(815301076,1909f56bfc062723c751e8b465ee728b)
Start importing Assets/Maps/bomberman_spritesheet_20.asset using Guid(308f1d31a81e99f4a9fb7538858f7334) Importer(815301076,1909f56bfc062723c751e8b465ee728b)  -> (artifact id: '229f9c1c148f425419eb20dece384f17') in 0.019937 seconds
  Import took 0.022752 seconds .

========================================================================
Received Import Request.
  Time since last request: 0.000150 seconds.
  path: Assets/Maps/bomberman_spritesheet_26.asset
  artifactKey: Guid(8d3424ada2090454ea150ada27cd6148) Importer(815301076,1909f56bfc062723c751e8b465ee728b)
Start importing Assets/Maps/bomberman_spritesheet_26.asset using Guid(8d3424ada2090454ea150ada27cd6148) Importer(815301076,1909f56bfc062723c751e8b465ee728b)  -> (artifact id: '1e628968bf780a0eca51e8f884361eab') in 0.017442 seconds
  Import took 0.021139 seconds .

========================================================================
Received Import Request.
  Time since last request: 0.000266 seconds.
  path: Assets/Maps/bomberman_spritesheet_2.asset
  artifactKey: Guid(da28fec219325d549aacf74531aee6e1) Importer(815301076,1909f56bfc062723c751e8b465ee728b)
Start importing Assets/Maps/bomberman_spritesheet_2.asset using Guid(da28fec219325d549aacf74531aee6e1) Importer(815301076,1909f56bfc062723c751e8b465ee728b)  -> (artifact id: '44f41ca6b7a01285d8c3c2690fe2675e') in 0.013657 seconds
  Import took 0.016799 seconds .

========================================================================
Received Import Request.
  Time since last request: 0.000157 seconds.
  path: Assets/Maps/bomberman_spritesheet_23.asset
  artifactKey: Guid(7d4718228517fe846a0150c749c88c05) Importer(815301076,1909f56bfc062723c751e8b465ee728b)
Start importing Assets/Maps/bomberman_spritesheet_23.asset using Guid(7d4718228517fe846a0150c749c88c05) Importer(815301076,1909f56bfc062723c751e8b465ee728b)  -> (artifact id: '8367c2ed71610faf1a38f7ebaafefffd') in 0.019211 seconds
  Import took 0.021924 seconds .

========================================================================
Received Import Request.
  Time since last request: 0.000136 seconds.
  path: Assets/Maps/bomberman_spritesheet_8.asset
  artifactKey: Guid(cb2c8687b71994e4686fe0802360f945) Importer(815301076,1909f56bfc062723c751e8b465ee728b)
Start importing Assets/Maps/bomberman_spritesheet_8.asset using Guid(cb2c8687b71994e4686fe0802360f945) Importer(815301076,1909f56bfc062723c751e8b465ee728b)  -> (artifact id: '4df1f69a28239f9405092ccbfaa833f2') in 0.016711 seconds
  Import took 0.019862 seconds .

========================================================================
Received Import Request.
  Time since last request: 0.000157 seconds.
  path: Assets/Maps/bomberman_spritesheet_10.asset
  artifactKey: Guid(dfdff108568eb4549b44510c962ab48f) Importer(815301076,1909f56bfc062723c751e8b465ee728b)
Start importing Assets/Maps/bomberman_spritesheet_10.asset using Guid(dfdff108568eb4549b44510c962ab48f) Importer(815301076,1909f56bfc062723c751e8b465ee728b)  -> (artifact id: '5a5485dcb1927da3e079e93223fe7135') in 0.019185 seconds
  Import took 0.022206 seconds .

========================================================================
Received Import Request.
  Time since last request: 0.000175 seconds.
  path: Assets/Maps/bomberman_spritesheet_29.asset
  artifactKey: Guid(f41ab0da6f8e14c4489a930eccf998a2) Importer(815301076,1909f56bfc062723c751e8b465ee728b)
Start importing Assets/Maps/bomberman_spritesheet_29.asset using Guid(f41ab0da6f8e14c4489a930eccf998a2) Importer(815301076,1909f56bfc062723c751e8b465ee728b)  -> (artifact id: 'f09d9d23ab377b72d2547ab7e8265e02') in 0.018897 seconds
  Import took 0.021513 seconds .

========================================================================
Received Import Request.
  Time since last request: 0.000153 seconds.
  path: Assets/Maps/bomberman_spritesheet_24.asset
  artifactKey: Guid(35bd108d789e205418660a3c3f1ef049) Importer(815301076,1909f56bfc062723c751e8b465ee728b)
Start importing Assets/Maps/bomberman_spritesheet_24.asset using Guid(35bd108d789e205418660a3c3f1ef049) Importer(815301076,1909f56bfc062723c751e8b465ee728b)  -> (artifact id: '1347224411e3204219d6c007d61daacf') in 0.016407 seconds
  Import took 0.024476 seconds .

========================================================================
Received Import Request.
  Time since last request: 0.000173 seconds.
  path: Assets/Maps/bomberman_spritesheet_40.asset
  artifactKey: Guid(a6f42ee65146136468c80b6a7ab413e2) Importer(815301076,1909f56bfc062723c751e8b465ee728b)
Start importing Assets/Maps/bomberman_spritesheet_40.asset using Guid(a6f42ee65146136468c80b6a7ab413e2) Importer(815301076,1909f56bfc062723c751e8b465ee728b)  -> (artifact id: 'ffa9910071d73e31d5cdb8c5490f88bb') in 0.017401 seconds
  Import took 0.021029 seconds .

========================================================================
Received Import Request.
  Time since last request: 0.000148 seconds.
  path: Assets/Maps/bomberman_spritesheet_5.asset
  artifactKey: Guid(c3ec054f7f5109b4da6bc8ff60f3602e) Importer(815301076,1909f56bfc062723c751e8b465ee728b)
Start importing Assets/Maps/bomberman_spritesheet_5.asset using Guid(c3ec054f7f5109b4da6bc8ff60f3602e) Importer(815301076,1909f56bfc062723c751e8b465ee728b)  -> (artifact id: '86c0744b9f9e68bfc7ab6d328781861e') in 0.018793 seconds
  Import took 0.022191 seconds .

========================================================================
Received Import Request.
  Time since last request: 0.000198 seconds.
  path: Assets/Maps/bomberman_spritesheet_15.asset
  artifactKey: Guid(6b75a0bee2eda2346ac23e0915b6bb52) Importer(815301076,1909f56bfc062723c751e8b465ee728b)
Start importing Assets/Maps/bomberman_spritesheet_15.asset using Guid(6b75a0bee2eda2346ac23e0915b6bb52) Importer(815301076,1909f56bfc062723c751e8b465ee728b)  -> (artifact id: '54741937fb2403a88fe813e288ef6fae') in 0.018461 seconds
  Import took 0.021050 seconds .

========================================================================
Received Import Request.
  Time since last request: 0.000157 seconds.
  path: Assets/Maps/bomberman_spritesheet_38.asset
  artifactKey: Guid(1cfd1c3cdc818dc479f94e8cf436b43c) Importer(815301076,1909f56bfc062723c751e8b465ee728b)
Start importing Assets/Maps/bomberman_spritesheet_38.asset using Guid(1cfd1c3cdc818dc479f94e8cf436b43c) Importer(815301076,1909f56bfc062723c751e8b465ee728b)  -> (artifact id: '700f6972a5f7a51266dce8fc3352a938') in 0.018606 seconds
  Import took 0.021361 seconds .

========================================================================
Received Import Request.
  Time since last request: 0.000144 seconds.
  path: Assets/Maps/bomberman_spritesheet_21.asset
  artifactKey: Guid(d39f8b4eb97c7cc4a9f4f75394bc272d) Importer(815301076,1909f56bfc062723c751e8b465ee728b)
Start importing Assets/Maps/bomberman_spritesheet_21.asset using Guid(d39f8b4eb97c7cc4a9f4f75394bc272d) Importer(815301076,1909f56bfc062723c751e8b465ee728b)  -> (artifact id: '81779661645618471f626d5532224bda') in 0.024213 seconds
  Import took 0.026964 seconds .

========================================================================
Received Import Request.
  Time since last request: 0.000157 seconds.
  path: Assets/Maps/bomberman_spritesheet_6.asset
  artifactKey: Guid(831a714489c52ef438fc03ee087c668d) Importer(815301076,1909f56bfc062723c751e8b465ee728b)
Start importing Assets/Maps/bomberman_spritesheet_6.asset using Guid(831a714489c52ef438fc03ee087c668d) Importer(815301076,1909f56bfc062723c751e8b465ee728b)  -> (artifact id: '22902739bd86aaad0984bb1689cb26fd') in 0.018031 seconds
  Import took 0.021968 seconds .

========================================================================
Received Import Request.
  Time since last request: 0.000296 seconds.
  path: Assets/Maps/bomberman_spritesheet_30.asset
  artifactKey: Guid(92ff93d91aa9aa54ab6bc572981263e1) Importer(815301076,1909f56bfc062723c751e8b465ee728b)
Start importing Assets/Maps/bomberman_spritesheet_30.asset using Guid(92ff93d91aa9aa54ab6bc572981263e1) Importer(815301076,1909f56bfc062723c751e8b465ee728b)  -> (artifact id: '5215f68c3e95a38a517423c45c0b7e09') in 0.016755 seconds
  Import took 0.019893 seconds .

========================================================================
Received Import Request.
  Time since last request: 0.000137 seconds.
  path: Assets/Maps/bomberman_spritesheet_28.asset
  artifactKey: Guid(38d97371669d6b549bec24f1f7e23bf6) Importer(815301076,1909f56bfc062723c751e8b465ee728b)
Start importing Assets/Maps/bomberman_spritesheet_28.asset using Guid(38d97371669d6b549bec24f1f7e23bf6) Importer(815301076,1909f56bfc062723c751e8b465ee728b)  -> (artifact id: 'd8003eef0873712721b08cd3e82a30a8') in 0.018860 seconds
  Import took 0.021753 seconds .

========================================================================
Received Import Request.
  Time since last request: 0.000179 seconds.
  path: Assets/Maps/bomberman_spritesheet_27.asset
  artifactKey: Guid(0b4d9c756967d5544b8329c0e5f0eef5) Importer(815301076,1909f56bfc062723c751e8b465ee728b)
Start importing Assets/Maps/bomberman_spritesheet_27.asset using Guid(0b4d9c756967d5544b8329c0e5f0eef5) Importer(815301076,1909f56bfc062723c751e8b465ee728b)  -> (artifact id: '1b308a7d1cb2acac7afd2514a0c9ffe4') in 0.017525 seconds
  Import took 0.021231 seconds .

========================================================================
Received Import Request.
  Time since last request: 0.000180 seconds.
  path: Assets/Maps/bomberman_spritesheet_7.asset
  artifactKey: Guid(5d96d3c41578fd04faeb1ed667c3c15d) Importer(815301076,1909f56bfc062723c751e8b465ee728b)
Start importing Assets/Maps/bomberman_spritesheet_7.asset using Guid(5d96d3c41578fd04faeb1ed667c3c15d) Importer(815301076,1909f56bfc062723c751e8b465ee728b)  -> (artifact id: '58c2cb614d4b9eec9331ee51ba2cc556') in 0.017806 seconds
  Import took 0.021484 seconds .

========================================================================
Received Import Request.
  Time since last request: 0.000165 seconds.
  path: Assets/Maps/bomberman_spritesheet_11.asset
  artifactKey: Guid(21d2218d4f3b2b04eb15e3100ddc2a3d) Importer(815301076,1909f56bfc062723c751e8b465ee728b)
Start importing Assets/Maps/bomberman_spritesheet_11.asset using Guid(21d2218d4f3b2b04eb15e3100ddc2a3d) Importer(815301076,1909f56bfc062723c751e8b465ee728b)  -> (artifact id: '29d59d75c025b797a56a4a7b525c88fd') in 0.018211 seconds
  Import took 0.021657 seconds .

========================================================================
Received Import Request.
  Time since last request: 0.000144 seconds.
  path: Assets/Maps/bomberman_spritesheet_34.asset
  artifactKey: Guid(b5600d17d5894664ab8b2f63afc5a54a) Importer(815301076,1909f56bfc062723c751e8b465ee728b)
Start importing Assets/Maps/bomberman_spritesheet_34.asset using Guid(b5600d17d5894664ab8b2f63afc5a54a) Importer(815301076,1909f56bfc062723c751e8b465ee728b)  -> (artifact id: '40fdd20772b2ad5d662e0e1eb4db3743') in 0.020642 seconds
  Import took 0.023853 seconds .

========================================================================
Received Import Request.
  Time since last request: 0.000275 seconds.
  path: Assets/Maps/bomberman_spritesheet_39.asset
  artifactKey: Guid(7ebfa1864e0799141952f6d11727be49) Importer(815301076,1909f56bfc062723c751e8b465ee728b)
Start importing Assets/Maps/bomberman_spritesheet_39.asset using Guid(7ebfa1864e0799141952f6d11727be49) Importer(815301076,1909f56bfc062723c751e8b465ee728b)  -> (artifact id: '0717ff7504ef7038c2b3276923e598e7') in 0.016928 seconds
  Import took 0.021282 seconds .

========================================================================
Received Import Request.
  Time since last request: 0.000163 seconds.
  path: Assets/Maps/bomberman_spritesheet_25.asset
  artifactKey: Guid(548b1ae23ca11de489c04e941f324573) Importer(815301076,1909f56bfc062723c751e8b465ee728b)
Start importing Assets/Maps/bomberman_spritesheet_25.asset using Guid(548b1ae23ca11de489c04e941f324573) Importer(815301076,1909f56bfc062723c751e8b465ee728b)  -> (artifact id: 'd8c2f58a40f929e08dbbc980c889150b') in 0.020293 seconds
  Import took 0.022776 seconds .

========================================================================
Received Import Request.
  Time since last request: 0.000159 seconds.
  path: Assets/Maps/bomberman_spritesheet_36.asset
  artifactKey: Guid(4c18d4f0ccd11f648bd1153a4e2d2108) Importer(815301076,1909f56bfc062723c751e8b465ee728b)
Start importing Assets/Maps/bomberman_spritesheet_36.asset using Guid(4c18d4f0ccd11f648bd1153a4e2d2108) Importer(815301076,1909f56bfc062723c751e8b465ee728b)  -> (artifact id: 'bb7e9c02acd1525f8e3ed57d8135491b') in 0.017659 seconds
  Import took 0.025493 seconds .

========================================================================
Received Import Request.
  Time since last request: 0.172012 seconds.
  path: Assets/Maps/bomberman_spritesheet_41.asset
  artifactKey: Guid(601e8e7b320b32140bd8b66a64bafce3) Importer(815301076,1909f56bfc062723c751e8b465ee728b)
Start importing Assets/Maps/bomberman_spritesheet_41.asset using Guid(601e8e7b320b32140bd8b66a64bafce3) Importer(815301076,1909f56bfc062723c751e8b465ee728b)  -> (artifact id: 'a0334b81a69483cca1f2299391dbcaaf') in 0.015460 seconds
  Import took 0.018319 seconds .

========================================================================
Received Import Request.
  Time since last request: 0.000163 seconds.
  path: Assets/Maps/bomberman_spritesheet_48.asset
  artifactKey: Guid(0cb4b53f882727042be37abd20c6a04e) Importer(815301076,1909f56bfc062723c751e8b465ee728b)
Start importing Assets/Maps/bomberman_spritesheet_48.asset using Guid(0cb4b53f882727042be37abd20c6a04e) Importer(815301076,1909f56bfc062723c751e8b465ee728b)  -> (artifact id: '6c00becd560e21f3581732b519a7144c') in 0.019700 seconds
  Import took 0.022198 seconds .

========================================================================
Received Import Request.
  Time since last request: 0.000145 seconds.
  path: Assets/Maps/bomberman_spritesheet_49.asset
  artifactKey: Guid(482e046e2f606594fb6689053c428751) Importer(815301076,1909f56bfc062723c751e8b465ee728b)
Start importing Assets/Maps/bomberman_spritesheet_49.asset using Guid(482e046e2f606594fb6689053c428751) Importer(815301076,1909f56bfc062723c751e8b465ee728b)  -> (artifact id: 'a8a160770948621ac83426afa02994b2') in 0.024736 seconds
  Import took 0.027874 seconds .

========================================================================
Received Import Request.
  Time since last request: 0.000176 seconds.
  path: Assets/Maps/bomberman_spritesheet_46.asset
  artifactKey: Guid(ae7bcd05c87fe344f8577317f7e7e10f) Importer(815301076,1909f56bfc062723c751e8b465ee728b)
Start importing Assets/Maps/bomberman_spritesheet_46.asset using Guid(ae7bcd05c87fe344f8577317f7e7e10f) Importer(815301076,1909f56bfc062723c751e8b465ee728b)  -> (artifact id: 'eb57462e6909fe17d0be52b7bc8e73fd') in 0.017046 seconds
  Import took 0.020307 seconds .

========================================================================
Received Import Request.
  Time since last request: 0.000173 seconds.
  path: Assets/Maps/bomberman_spritesheet_41.asset
  artifactKey: Guid(601e8e7b320b32140bd8b66a64bafce3) Importer(815301076,1909f56bfc062723c751e8b465ee728b)
Start importing Assets/Maps/bomberman_spritesheet_41.asset using Guid(601e8e7b320b32140bd8b66a64bafce3) Importer(815301076,1909f56bfc062723c751e8b465ee728b)  -> (artifact id: 'a0334b81a69483cca1f2299391dbcaaf') in 0.009455 seconds
  Import took 0.013091 seconds .

========================================================================
Received Import Request.
  Time since last request: 0.000161 seconds.
  path: Assets/Maps/bomberman_spritesheet_44.asset
  artifactKey: Guid(49e2a05bab02adc48816f6d0a51bfa53) Importer(815301076,1909f56bfc062723c751e8b465ee728b)
Start importing Assets/Maps/bomberman_spritesheet_44.asset using Guid(49e2a05bab02adc48816f6d0a51bfa53) Importer(815301076,1909f56bfc062723c751e8b465ee728b)  -> (artifact id: 'b0da3c9a6604ffd98707bda6ce6a9e9d') in 0.016627 seconds
  Import took 0.019505 seconds .

========================================================================
Received Import Request.
  Time since last request: 0.000184 seconds.
  path: Assets/Maps/bomberman_spritesheet_43.asset
  artifactKey: Guid(e998925e2de23f7409531225d1cd76ab) Importer(815301076,1909f56bfc062723c751e8b465ee728b)
Start importing Assets/Maps/bomberman_spritesheet_43.asset using Guid(e998925e2de23f7409531225d1cd76ab) Importer(815301076,1909f56bfc062723c751e8b465ee728b)  -> (artifact id: '9f60eb91b10ceb44c22286942c63fd95') in 0.021133 seconds
  Import took 0.024699 seconds .

========================================================================
Received Import Request.
  Time since last request: 0.000163 seconds.
  path: Assets/Maps/bomberman_spritesheet_50.asset
  artifactKey: Guid(f77d5ceb9aa8ca4418160dc16aca830c) Importer(815301076,1909f56bfc062723c751e8b465ee728b)
Start importing Assets/Maps/bomberman_spritesheet_50.asset using Guid(f77d5ceb9aa8ca4418160dc16aca830c) Importer(815301076,1909f56bfc062723c751e8b465ee728b)  -> (artifact id: '199745f92dba90053f76258e7222c288') in 0.019266 seconds
  Import took 0.022515 seconds .

========================================================================
Received Import Request.
  Time since last request: 0.000147 seconds.
  path: Assets/Maps/bomberman_spritesheet_45.asset
  artifactKey: Guid(e23362980addfe645bb8f4efda47a899) Importer(815301076,1909f56bfc062723c751e8b465ee728b)
Start importing Assets/Maps/bomberman_spritesheet_45.asset using Guid(e23362980addfe645bb8f4efda47a899) Importer(815301076,1909f56bfc062723c751e8b465ee728b)  -> (artifact id: 'a44d5f1404ee4484c710bff3971ae39f') in 0.017503 seconds
  Import took 0.025680 seconds .

========================================================================
Received Import Request.
  Time since last request: 0.000217 seconds.
  path: Assets/Maps/bomberman_spritesheet_47.asset
  artifactKey: Guid(a84f79631fcb53446836620f9242a89a) Importer(815301076,1909f56bfc062723c751e8b465ee728b)
Start importing Assets/Maps/bomberman_spritesheet_47.asset using Guid(a84f79631fcb53446836620f9242a89a) Importer(815301076,1909f56bfc062723c751e8b465ee728b)  -> (artifact id: '6ee5d42f4d46f7ddeb7d7d985a62efa0') in 0.016200 seconds
  Import took 0.019205 seconds .

========================================================================
Received Import Request.
  Time since last request: 0.000142 seconds.
  path: Assets/Maps/bomberman_spritesheet_42.asset
  artifactKey: Guid(6bd163e00f838094a9515b5abe5054ef) Importer(815301076,1909f56bfc062723c751e8b465ee728b)
Start importing Assets/Maps/bomberman_spritesheet_42.asset using Guid(6bd163e00f838094a9515b5abe5054ef) Importer(815301076,1909f56bfc062723c751e8b465ee728b)  -> (artifact id: '560b652ea2cdea600c7f04fed3010793') in 0.019178 seconds
  Import took 0.022181 seconds .

========================================================================
Received Import Request.
  Time since last request: 0.040541 seconds.
  path: Assets/Maps/bomberman_spritesheet_51.asset
  artifactKey: Guid(1264e1641c3446549925613d992419f4) Importer(815301076,1909f56bfc062723c751e8b465ee728b)
Start importing Assets/Maps/bomberman_spritesheet_51.asset using Guid(1264e1641c3446549925613d992419f4) Importer(815301076,1909f56bfc062723c751e8b465ee728b)  -> (artifact id: '0ef5c49ebbf030aa65ade8051342411d') in 0.015355 seconds
  Import took 0.017902 seconds .

========================================================================
Received Import Request.
  Time since last request: 0.000137 seconds.
  path: Assets/Maps/bomberman_spritesheet_58.asset
  artifactKey: Guid(d67bd178a3a7c634798bd7b74f48fc19) Importer(815301076,1909f56bfc062723c751e8b465ee728b)
Start importing Assets/Maps/bomberman_spritesheet_58.asset using Guid(d67bd178a3a7c634798bd7b74f48fc19) Importer(815301076,1909f56bfc062723c751e8b465ee728b)  -> (artifact id: 'd153266ce4da4032d8a15ca992d94743') in 0.016150 seconds
  Import took 0.018901 seconds .

========================================================================
Received Import Request.
  Time since last request: 0.000258 seconds.
  path: Assets/Maps/bomberman_spritesheet_52.asset
  artifactKey: Guid(3f939823bd3ee554da6839fc801342ce) Importer(815301076,1909f56bfc062723c751e8b465ee728b)
Start importing Assets/Maps/bomberman_spritesheet_52.asset using Guid(3f939823bd3ee554da6839fc801342ce) Importer(815301076,1909f56bfc062723c751e8b465ee728b)  -> (artifact id: 'f9f03b7e7aa1a02cbd30ac3fb311c7fc') in 0.022108 seconds
  Import took 0.024890 seconds .

========================================================================
Received Import Request.
  Time since last request: 0.000151 seconds.
  path: Assets/Maps/bomberman_spritesheet_60.asset
  artifactKey: Guid(47474bdb85d8cb94c9cba6a5d8f52fd0) Importer(815301076,1909f56bfc062723c751e8b465ee728b)
Start importing Assets/Maps/bomberman_spritesheet_60.asset using Guid(47474bdb85d8cb94c9cba6a5d8f52fd0) Importer(815301076,1909f56bfc062723c751e8b465ee728b)  -> (artifact id: 'a8e50294d16db42bee0460716ada0b8a') in 0.020544 seconds
  Import took 0.023486 seconds .

========================================================================
Received Import Request.
  Time since last request: 0.000214 seconds.
  path: Assets/Maps/bomberman_spritesheet_54.asset
  artifactKey: Guid(9369bde9da427b6438837942b659b97a) Importer(815301076,1909f56bfc062723c751e8b465ee728b)
Start importing Assets/Maps/bomberman_spritesheet_54.asset using Guid(9369bde9da427b6438837942b659b97a) Importer(815301076,1909f56bfc062723c751e8b465ee728b)  -> (artifact id: '6b4b688fbbe32a2b13517ca892661fd8') in 0.016471 seconds
  Import took 0.019506 seconds .

========================================================================
Received Import Request.
  Time since last request: 0.000250 seconds.
  path: Assets/Maps/bomberman_spritesheet_53.asset
  artifactKey: Guid(aab8d229476ee6048922bee10d746099) Importer(815301076,1909f56bfc062723c751e8b465ee728b)
Start importing Assets/Maps/bomberman_spritesheet_53.asset using Guid(aab8d229476ee6048922bee10d746099) Importer(815301076,1909f56bfc062723c751e8b465ee728b)  -> (artifact id: '15bdb0007e32bff21587f0cfb432b8c4') in 0.019436 seconds
  Import took 0.022371 seconds .

========================================================================
Received Import Request.
  Time since last request: 0.000220 seconds.
  path: Assets/Maps/bomberman_spritesheet_56.asset
  artifactKey: Guid(8474d0d83b0fbf84d967d41594e824a3) Importer(815301076,1909f56bfc062723c751e8b465ee728b)
Start importing Assets/Maps/bomberman_spritesheet_56.asset using Guid(8474d0d83b0fbf84d967d41594e824a3) Importer(815301076,1909f56bfc062723c751e8b465ee728b)  -> (artifact id: '8e128fef68e17a0586677f029b380354') in 0.017565 seconds
  Import took 0.021003 seconds .

========================================================================
Received Import Request.
  Time since last request: 0.000341 seconds.
  path: Assets/Maps/bomberman_spritesheet_55.asset
  artifactKey: Guid(c1f37b896c219bf42aa138a5df9d464b) Importer(815301076,1909f56bfc062723c751e8b465ee728b)
Start importing Assets/Maps/bomberman_spritesheet_55.asset using Guid(c1f37b896c219bf42aa138a5df9d464b) Importer(815301076,1909f56bfc062723c751e8b465ee728b)  -> (artifact id: '61dc629a20efda1549c284e8892889c8') in 0.017128 seconds
  Import took 0.020575 seconds .

========================================================================
Received Import Request.
  Time since last request: 0.000182 seconds.
  path: Assets/Maps/bomberman_spritesheet_57.asset
  artifactKey: Guid(d161e72e0700d1044a8a7169b583429f) Importer(815301076,1909f56bfc062723c751e8b465ee728b)
Start importing Assets/Maps/bomberman_spritesheet_57.asset using Guid(d161e72e0700d1044a8a7169b583429f) Importer(815301076,1909f56bfc062723c751e8b465ee728b)  -> (artifact id: '6a07078cc94446e2579870bdb4799db8') in 0.019757 seconds
  Import took 0.022383 seconds .

========================================================================
Received Import Request.
  Time since last request: 0.000146 seconds.
  path: Assets/Maps/bomberman_spritesheet_59.asset
  artifactKey: Guid(159b9f19d7daec44caeafaf57f491e52) Importer(815301076,1909f56bfc062723c751e8b465ee728b)
Start importing Assets/Maps/bomberman_spritesheet_59.asset using Guid(159b9f19d7daec44caeafaf57f491e52) Importer(815301076,1909f56bfc062723c751e8b465ee728b)  -> (artifact id: '21e99e9226315b47f95dedde3445970e') in 0.019037 seconds
  Import took 0.021898 seconds .

========================================================================
Received Import Request.
  Time since last request: 52.810635 seconds.
  path: Assets/Img/player_spritesheet.png
  artifactKey: Guid(f4a85cf3ac0d8bb4c81a4a0384018efa) Importer(815301076,1909f56bfc062723c751e8b465ee728b)
Start importing Assets/Img/player_spritesheet.png using Guid(f4a85cf3ac0d8bb4c81a4a0384018efa) Importer(815301076,1909f56bfc062723c751e8b465ee728b)  -> (artifact id: 'e4f4fca5ff3fa56cafee02dcfb78986f') in 0.065329 seconds
  Import took 0.070308 seconds .

========================================================================
Received Prepare
Registering precompiled user dll's ...
Registered in 0.000984 seconds.
Begin MonoManager ReloadAssembly
Native extension for WindowsStandalone target not found
Refreshing native plugins compatible for Editor in 0.65 ms, found 1 plugins.
Preloading 0 native plugins for Editor in 0.00 ms.
Invoked RoslynAnalysisRunner static constructor.
RoslynAnalysisRunner will not be running.
RoslynAnalysisRunner has terminated.
Mono: successfully reloaded assembly
- Completed reload, in  1.037 seconds
Platform modules already initialized, skipping
Refreshing native plugins compatible for Editor in 0.39 ms, found 1 plugins.
Preloading 0 native plugins for Editor in 0.00 ms.
Unloading 1784 Unused Serialized files (Serialized files now loaded: 0)
System memory in use before: 87.6 MB.
System memory in use after: 87.6 MB.

Unloading 13 unused Assets to reduce memory usage. Loaded Objects now: 2287.
Total: 2.847700 ms (FindLiveObjects: 0.191800 ms CreateObjectMapping: 0.070900 ms MarkObjects: 2.484900 ms  DeleteObjects: 0.099000 ms)

========================================================================
Received Import Request.
  Time since last request: 278.605801 seconds.
  path: Assets/PlayMove.cs
  artifactKey: Guid(36cad9e055fcd754497baeaaaccf367e) Importer(815301076,1909f56bfc062723c751e8b465ee728b)
Start importing Assets/PlayMove.cs using Guid(36cad9e055fcd754497baeaaaccf367e) Importer(815301076,1909f56bfc062723c751e8b465ee728b)  -> (artifact id: 'f5504b99485c3716eb6cd3d447a74da3') in 0.013410 seconds
  Import took 0.017223 seconds .

========================================================================
Received Prepare
Registering precompiled user dll's ...
Registered in 0.001612 seconds.
Begin MonoManager ReloadAssembly
Native extension for WindowsStandalone target not found
Refreshing native plugins compatible for Editor in 0.51 ms, found 1 plugins.
Preloading 0 native plugins for Editor in 0.00 ms.
Invoked RoslynAnalysisRunner static constructor.
RoslynAnalysisRunner will not be running.
RoslynAnalysisRunner has terminated.
Mono: successfully reloaded assembly
- Completed reload, in  1.065 seconds
Platform modules already initialized, skipping
Refreshing native plugins compatible for Editor in 0.36 ms, found 1 plugins.
Preloading 0 native plugins for Editor in 0.00 ms.
Unloading 1784 Unused Serialized files (Serialized files now loaded: 0)
System memory in use before: 87.7 MB.
System memory in use after: 87.7 MB.

Unloading 12 unused Assets to reduce memory usage. Loaded Objects now: 2290.
Total: 1.655300 ms (FindLiveObjects: 0.160400 ms CreateObjectMapping: 0.059300 ms MarkObjects: 1.351200 ms  DeleteObjects: 0.083500 ms)

========================================================================
Received Import Request.
  Time since last request: 30.981594 seconds.
  path: Assets/Script/PlayMove.cs
  artifactKey: Guid(36cad9e055fcd754497baeaaaccf367e) Importer(815301076,1909f56bfc062723c751e8b465ee728b)
Start importing Assets/Script/PlayMove.cs using Guid(36cad9e055fcd754497baeaaaccf367e) Importer(815301076,1909f56bfc062723c751e8b465ee728b)  -> (artifact id: '4838faf858277a70ee69ee45dbaff696') in 0.005958 seconds
  Import took 0.009876 seconds .

========================================================================
Received Prepare
Registering precompiled user dll's ...
Registered in 0.001342 seconds.
Begin MonoManager ReloadAssembly
Native extension for WindowsStandalone target not found
Refreshing native plugins compatible for Editor in 0.38 ms, found 1 plugins.
Preloading 0 native plugins for Editor in 0.00 ms.
Invoked RoslynAnalysisRunner static constructor.
RoslynAnalysisRunner will not be running.
RoslynAnalysisRunner has terminated.
Mono: successfully reloaded assembly
- Completed reload, in  0.925 seconds
Platform modules already initialized, skipping
Refreshing native plugins compatible for Editor in 0.32 ms, found 1 plugins.
Preloading 0 native plugins for Editor in 0.00 ms.
Unloading 1784 Unused Serialized files (Serialized files now loaded: 0)
System memory in use before: 87.7 MB.
System memory in use after: 87.7 MB.

Unloading 12 unused Assets to reduce memory usage. Loaded Objects now: 2293.
Total: 1.627800 ms (FindLiveObjects: 0.208900 ms CreateObjectMapping: 0.073300 ms MarkObjects: 1.266900 ms  DeleteObjects: 0.077800 ms)

========================================================================
Received Import Request.
  Time since last request: 109.351487 seconds.
  path: Assets/Script/PlayMove.cs
  artifactKey: Guid(36cad9e055fcd754497baeaaaccf367e) Importer(815301076,1909f56bfc062723c751e8b465ee728b)
Start importing Assets/Script/PlayMove.cs using Guid(36cad9e055fcd754497baeaaaccf367e) Importer(815301076,1909f56bfc062723c751e8b465ee728b)  -> (artifact id: 'e88ef264431c774da2fb6ebe6b78e5fd') in 0.005124 seconds
  Import took 0.012565 seconds .

========================================================================
Received Prepare
Registering precompiled user dll's ...
Registered in 0.001112 seconds.
Begin MonoManager ReloadAssembly
Native extension for WindowsStandalone target not found
Refreshing native plugins compatible for Editor in 0.34 ms, found 1 plugins.
Preloading 0 native plugins for Editor in 0.00 ms.
Invoked RoslynAnalysisRunner static constructor.
RoslynAnalysisRunner will not be running.
RoslynAnalysisRunner has terminated.
Mono: successfully reloaded assembly
- Completed reload, in  0.893 seconds
Platform modules already initialized, skipping
Refreshing native plugins compatible for Editor in 0.32 ms, found 1 plugins.
Preloading 0 native plugins for Editor in 0.00 ms.
Unloading 1784 Unused Serialized files (Serialized files now loaded: 0)
System memory in use before: 87.8 MB.
System memory in use after: 87.8 MB.

Unloading 12 unused Assets to reduce memory usage. Loaded Objects now: 2296.
Total: 1.870100 ms (FindLiveObjects: 0.164500 ms CreateObjectMapping: 0.066100 ms MarkObjects: 1.551900 ms  DeleteObjects: 0.086200 ms)

========================================================================
Received Prepare
Registering precompiled user dll's ...
Registered in 0.000965 seconds.
Begin MonoManager ReloadAssembly
Native extension for WindowsStandalone target not found
Refreshing native plugins compatible for Editor in 0.39 ms, found 1 plugins.
Preloading 0 native plugins for Editor in 0.00 ms.
Invoked RoslynAnalysisRunner static constructor.
RoslynAnalysisRunner will not be running.
RoslynAnalysisRunner has terminated.
Mono: successfully reloaded assembly
- Completed reload, in  0.874 seconds
Platform modules already initialized, skipping
Refreshing native plugins compatible for Editor in 0.33 ms, found 1 plugins.
Preloading 0 native plugins for Editor in 0.00 ms.
Unloading 1784 Unused Serialized files (Serialized files now loaded: 0)
System memory in use before: 87.9 MB.
System memory in use after: 87.9 MB.

Unloading 12 unused Assets to reduce memory usage. Loaded Objects now: 2299.
Total: 1.678900 ms (FindLiveObjects: 0.196700 ms CreateObjectMapping: 0.074100 ms MarkObjects: 1.329200 ms  DeleteObjects: 0.078000 ms)

========================================================================
Received Prepare
Registering precompiled user dll's ...
Registered in 0.001337 seconds.
Begin MonoManager ReloadAssembly
Native extension for WindowsStandalone target not found
Refreshing native plugins compatible for Editor in 0.31 ms, found 1 plugins.
Preloading 0 native plugins for Editor in 0.00 ms.
Invoked RoslynAnalysisRunner static constructor.
RoslynAnalysisRunner will not be running.
RoslynAnalysisRunner has terminated.
Mono: successfully reloaded assembly
- Completed reload, in  0.917 seconds
Platform modules already initialized, skipping
Refreshing native plugins compatible for Editor in 0.53 ms, found 1 plugins.
Preloading 0 native plugins for Editor in 0.00 ms.
Unloading 1784 Unused Serialized files (Serialized files now loaded: 0)
System memory in use before: 88.0 MB.
System memory in use after: 88.0 MB.

Unloading 12 unused Assets to reduce memory usage. Loaded Objects now: 2302.
Total: 1.881500 ms (FindLiveObjects: 0.242500 ms CreateObjectMapping: 0.145800 ms MarkObjects: 1.364500 ms  DeleteObjects: 0.127600 ms)

========================================================================
Received Prepare
Registering precompiled user dll's ...
Registered in 0.001225 seconds.
Begin MonoManager ReloadAssembly
Native extension for WindowsStandalone target not found
Refreshing native plugins compatible for Editor in 0.30 ms, found 1 plugins.
Preloading 0 native plugins for Editor in 0.00 ms.
Invoked RoslynAnalysisRunner static constructor.
RoslynAnalysisRunner will not be running.
RoslynAnalysisRunner has terminated.
Mono: successfully reloaded assembly
- Completed reload, in  0.896 seconds
Platform modules already initialized, skipping
Refreshing native plugins compatible for Editor in 0.30 ms, found 1 plugins.
Preloading 0 native plugins for Editor in 0.00 ms.
Unloading 1784 Unused Serialized files (Serialized files now loaded: 0)
System memory in use before: 88.0 MB.
System memory in use after: 88.0 MB.

Unloading 12 unused Assets to reduce memory usage. Loaded Objects now: 2305.
Total: 1.943900 ms (FindLiveObjects: 0.204800 ms CreateObjectMapping: 0.074100 ms MarkObjects: 1.469700 ms  DeleteObjects: 0.194100 ms)

========================================================================
Received Prepare
Registering precompiled user dll's ...
Registered in 0.001050 seconds.
Begin MonoManager ReloadAssembly
Native extension for WindowsStandalone target not found
Refreshing native plugins compatible for Editor in 0.32 ms, found 1 plugins.
Preloading 0 native plugins for Editor in 0.00 ms.
Invoked RoslynAnalysisRunner static constructor.
RoslynAnalysisRunner will not be running.
RoslynAnalysisRunner has terminated.
Mono: successfully reloaded assembly
- Completed reload, in  0.985 seconds
Platform modules already initialized, skipping
Refreshing native plugins compatible for Editor in 0.49 ms, found 1 plugins.
Preloading 0 native plugins for Editor in 0.00 ms.
Unloading 1784 Unused Serialized files (Serialized files now loaded: 0)
System memory in use before: 88.1 MB.
System memory in use after: 88.1 MB.

Unloading 12 unused Assets to reduce memory usage. Loaded Objects now: 2308.
Total: 2.502600 ms (FindLiveObjects: 0.235600 ms CreateObjectMapping: 0.076200 ms MarkObjects: 2.102300 ms  DeleteObjects: 0.087200 ms)

========================================================================
Received Import Request.
  Time since last request: 235.100276 seconds.
  path: Assets
  artifactKey: Guid(00000000000000001000000000000000) Importer(815301076,1909f56bfc062723c751e8b465ee728b)
Start importing Assets using Guid(00000000000000001000000000000000) Importer(815301076,1909f56bfc062723c751e8b465ee728b)  -> (artifact id: 'e1a2c4dac9df7c17871e19a3b74f0e9f') in 0.012715 seconds
  Import took 0.015736 seconds .

========================================================================
Received Import Request.
  Time since last request: 3.698765 seconds.
  path: Assets/Animation
  artifactKey: Guid(03cad519db6c59448b158e155168a4bb) Importer(815301076,1909f56bfc062723c751e8b465ee728b)
Start importing Assets/Animation using Guid(03cad519db6c59448b158e155168a4bb) Importer(815301076,1909f56bfc062723c751e8b465ee728b)  -> (artifact id: 'a0dd732e4a62a85e59f024eaa955acc7') in 0.007285 seconds
  Import took 0.010428 seconds .

========================================================================
Received Import Request.
  Time since last request: 5.548995 seconds.
  path: Assets/Animation/Player
  artifactKey: Guid(7ec92b0be28ce954cb45b0b5711da272) Importer(815301076,1909f56bfc062723c751e8b465ee728b)
Start importing Assets/Animation/Player using Guid(7ec92b0be28ce954cb45b0b5711da272) Importer(815301076,1909f56bfc062723c751e8b465ee728b)  -> (artifact id: '9142ff04d59201b71dbe795d69cac658') in 0.008619 seconds
  Import took 0.013081 seconds .

========================================================================
Received Import Request.
  Time since last request: 472.117032 seconds.
  path: Assets/Animation/Player/Player.controller
  artifactKey: Guid(6bc6d716e1cb5bd4eb864ff52c9e8ebf) Importer(815301076,1909f56bfc062723c751e8b465ee728b)
Start importing Assets/Animation/Player/Player.controller using Guid(6bc6d716e1cb5bd4eb864ff52c9e8ebf) Importer(815301076,1909f56bfc062723c751e8b465ee728b)  -> (artifact id: '3c55f3a1574be34e51cfa25c271b448e') in 0.016990 seconds
  Import took 0.025123 seconds .

========================================================================
Received Prepare
Registering precompiled user dll's ...
Registered in 0.001958 seconds.
Begin MonoManager ReloadAssembly
Native extension for WindowsStandalone target not found
Refreshing native plugins compatible for Editor in 0.30 ms, found 1 plugins.
Preloading 0 native plugins for Editor in 0.00 ms.
Invoked RoslynAnalysisRunner static constructor.
RoslynAnalysisRunner will not be running.
RoslynAnalysisRunner has terminated.
Mono: successfully reloaded assembly
- Completed reload, in  1.017 seconds
Platform modules already initialized, skipping
Refreshing native plugins compatible for Editor in 0.63 ms, found 1 plugins.
Preloading 0 native plugins for Editor in 0.00 ms.
Unloading 1784 Unused Serialized files (Serialized files now loaded: 0)
System memory in use before: 88.1 MB.
System memory in use after: 88.1 MB.

Unloading 12 unused Assets to reduce memory usage. Loaded Objects now: 2311.
Total: 1.841600 ms (FindLiveObjects: 0.248500 ms CreateObjectMapping: 0.086000 ms MarkObjects: 1.419400 ms  DeleteObjects: 0.086200 ms)

========================================================================
Received Prepare
Registering precompiled user dll's ...
Registered in 0.001097 seconds.
Begin MonoManager ReloadAssembly
Native extension for WindowsStandalone target not found
Refreshing native plugins compatible for Editor in 0.46 ms, found 1 plugins.
Preloading 0 native plugins for Editor in 0.00 ms.
Invoked RoslynAnalysisRunner static constructor.
RoslynAnalysisRunner will not be running.
RoslynAnalysisRunner has terminated.
Mono: successfully reloaded assembly
- Completed reload, in  1.025 seconds
Platform modules already initialized, skipping
Refreshing native plugins compatible for Editor in 0.38 ms, found 1 plugins.
Preloading 0 native plugins for Editor in 0.00 ms.
Unloading 1784 Unused Serialized files (Serialized files now loaded: 0)
System memory in use before: 88.2 MB.
System memory in use after: 88.2 MB.

Unloading 12 unused Assets to reduce memory usage. Loaded Objects now: 2314.
Total: 2.140100 ms (FindLiveObjects: 0.174900 ms CreateObjectMapping: 0.066200 ms MarkObjects: 1.802800 ms  DeleteObjects: 0.095100 ms)

========================================================================
Received Prepare
Registering precompiled user dll's ...
Registered in 0.001099 seconds.
Begin MonoManager ReloadAssembly
Native extension for WindowsStandalone target not found
Refreshing native plugins compatible for Editor in 0.51 ms, found 1 plugins.
Preloading 0 native plugins for Editor in 0.00 ms.
Invoked RoslynAnalysisRunner static constructor.
RoslynAnalysisRunner will not be running.
RoslynAnalysisRunner has terminated.
Mono: successfully reloaded assembly
- Completed reload, in  1.300 seconds
Platform modules already initialized, skipping
Refreshing native plugins compatible for Editor in 0.33 ms, found 1 plugins.
Preloading 0 native plugins for Editor in 0.00 ms.
Unloading 1784 Unused Serialized files (Serialized files now loaded: 0)
System memory in use before: 88.3 MB.
System memory in use after: 88.3 MB.

Unloading 12 unused Assets to reduce memory usage. Loaded Objects now: 2317.
Total: 1.808800 ms (FindLiveObjects: 0.271500 ms CreateObjectMapping: 0.107400 ms MarkObjects: 1.328600 ms  DeleteObjects: 0.100700 ms)

========================================================================
Received Import Request.
  Time since last request: 1345.712680 seconds.
  path: Assets/Script/PlayMove.cs
  artifactKey: Guid(36cad9e055fcd754497baeaaaccf367e) Importer(815301076,1909f56bfc062723c751e8b465ee728b)
Start importing Assets/Script/PlayMove.cs using Guid(36cad9e055fcd754497baeaaaccf367e) Importer(815301076,1909f56bfc062723c751e8b465ee728b)  -> (artifact id: '7ea18812e4a58a53c6f08a0c7fe3797f') in 0.007519 seconds
  Import took 0.015586 seconds .

========================================================================
Received Prepare
Registering precompiled user dll's ...
Registered in 0.001024 seconds.
Begin MonoManager ReloadAssembly
Native extension for WindowsStandalone target not found
Refreshing native plugins compatible for Editor in 0.35 ms, found 1 plugins.
Preloading 0 native plugins for Editor in 0.00 ms.
Invoked RoslynAnalysisRunner static constructor.
RoslynAnalysisRunner will not be running.
RoslynAnalysisRunner has terminated.
Mono: successfully reloaded assembly
- Completed reload, in  0.956 seconds
Platform modules already initialized, skipping
Refreshing native plugins compatible for Editor in 0.30 ms, found 1 plugins.
Preloading 0 native plugins for Editor in 0.00 ms.
Unloading 1783 Unused Serialized files (Serialized files now loaded: 0)
System memory in use before: 88.4 MB.
System memory in use after: 88.4 MB.

Unloading 13 unused Assets to reduce memory usage. Loaded Objects now: 2319.
Total: 2.191700 ms (FindLiveObjects: 0.300600 ms CreateObjectMapping: 0.100400 ms MarkObjects: 1.700700 ms  DeleteObjects: 0.088400 ms)

========================================================================
Received Import Request.
  Time since last request: 12.607779 seconds.
  path: Assets/Script/Playermovement.cs
  artifactKey: Guid(80eaa1ca0c4183b499428c2159300070) Importer(815301076,1909f56bfc062723c751e8b465ee728b)
Start importing Assets/Script/Playermovement.cs using Guid(80eaa1ca0c4183b499428c2159300070) Importer(815301076,1909f56bfc062723c751e8b465ee728b)  -> (artifact id: '4ae94e61057c78fa01d490d0c1e17055') in 0.011348 seconds
  Import took 0.014565 seconds .

========================================================================
Received Prepare
Registering precompiled user dll's ...
Registered in 0.001202 seconds.
Begin MonoManager ReloadAssembly
Native extension for WindowsStandalone target not found
Refreshing native plugins compatible for Editor in 0.36 ms, found 1 plugins.
Preloading 0 native plugins for Editor in 0.00 ms.
Invoked RoslynAnalysisRunner static constructor.
RoslynAnalysisRunner will not be running.
RoslynAnalysisRunner has terminated.
Mono: successfully reloaded assembly
- Completed reload, in  0.918 seconds
Platform modules already initialized, skipping
Refreshing native plugins compatible for Editor in 0.55 ms, found 1 plugins.
Preloading 0 native plugins for Editor in 0.00 ms.
Unloading 1784 Unused Serialized files (Serialized files now loaded: 0)
System memory in use before: 88.5 MB.
System memory in use after: 88.5 MB.

Unloading 12 unused Assets to reduce memory usage. Loaded Objects now: 2323.
Total: 2.390800 ms (FindLiveObjects: 0.189200 ms CreateObjectMapping: 0.065800 ms MarkObjects: 1.955800 ms  DeleteObjects: 0.178100 ms)

========================================================================
Received Prepare
Registering precompiled user dll's ...
Registered in 0.000977 seconds.
Begin MonoManager ReloadAssembly
Native extension for WindowsStandalone target not found
Refreshing native plugins compatible for Editor in 0.40 ms, found 1 plugins.
Preloading 0 native plugins for Editor in 0.00 ms.
Invoked RoslynAnalysisRunner static constructor.
RoslynAnalysisRunner will not be running.
RoslynAnalysisRunner has terminated.
Mono: successfully reloaded assembly
- Completed reload, in  1.001 seconds
Platform modules already initialized, skipping
Refreshing native plugins compatible for Editor in 0.32 ms, found 1 plugins.
Preloading 0 native plugins for Editor in 0.00 ms.
Unloading 1783 Unused Serialized files (Serialized files now loaded: 0)
System memory in use before: 88.5 MB.
System memory in use after: 88.5 MB.

Unloading 13 unused Assets to reduce memory usage. Loaded Objects now: 2325.
Total: 1.749700 ms (FindLiveObjects: 0.199400 ms CreateObjectMapping: 0.072200 ms MarkObjects: 1.380400 ms  DeleteObjects: 0.096500 ms)

========================================================================
Received Prepare
Registering precompiled user dll's ...
Registered in 0.001011 seconds.
Begin MonoManager ReloadAssembly
Native extension for WindowsStandalone target not found
Refreshing native plugins compatible for Editor in 0.31 ms, found 1 plugins.
Preloading 0 native plugins for Editor in 0.00 ms.
Invoked RoslynAnalysisRunner static constructor.
RoslynAnalysisRunner will not be running.
RoslynAnalysisRunner has terminated.
Mono: successfully reloaded assembly
- Completed reload, in  0.941 seconds
Platform modules already initialized, skipping
Refreshing native plugins compatible for Editor in 0.42 ms, found 1 plugins.
Preloading 0 native plugins for Editor in 0.00 ms.
Unloading 1784 Unused Serialized files (Serialized files now loaded: 0)
System memory in use before: 88.6 MB.
System memory in use after: 88.6 MB.

Unloading 12 unused Assets to reduce memory usage. Loaded Objects now: 2329.
Total: 3.408400 ms (FindLiveObjects: 0.439500 ms CreateObjectMapping: 0.162800 ms MarkObjects: 2.701800 ms  DeleteObjects: 0.103000 ms)

========================================================================
Received Prepare
Registering precompiled user dll's ...
Registered in 0.001752 seconds.
Begin MonoManager ReloadAssembly
Native extension for WindowsStandalone target not found
Refreshing native plugins compatible for Editor in 0.47 ms, found 1 plugins.
Preloading 0 native plugins for Editor in 0.00 ms.
Invoked RoslynAnalysisRunner static constructor.
RoslynAnalysisRunner will not be running.
RoslynAnalysisRunner has terminated.
Mono: successfully reloaded assembly
- Completed reload, in  1.207 seconds
Platform modules already initialized, skipping
Refreshing native plugins compatible for Editor in 0.31 ms, found 1 plugins.
Preloading 0 native plugins for Editor in 0.00 ms.
Unloading 1784 Unused Serialized files (Serialized files now loaded: 0)
System memory in use before: 88.6 MB.
System memory in use after: 88.6 MB.

Unloading 12 unused Assets to reduce memory usage. Loaded Objects now: 2332.
Total: 2.179300 ms (FindLiveObjects: 0.200700 ms CreateObjectMapping: 0.066800 ms MarkObjects: 1.820600 ms  DeleteObjects: 0.090200 ms)

========================================================================
Received Prepare
Registering precompiled user dll's ...
Registered in 0.001085 seconds.
Begin MonoManager ReloadAssembly
Native extension for WindowsStandalone target not found
Refreshing native plugins compatible for Editor in 0.47 ms, found 1 plugins.
Preloading 0 native plugins for Editor in 0.00 ms.
Invoked RoslynAnalysisRunner static constructor.
RoslynAnalysisRunner will not be running.
RoslynAnalysisRunner has terminated.
Mono: successfully reloaded assembly
- Completed reload, in  0.885 seconds
Platform modules already initialized, skipping
Refreshing native plugins compatible for Editor in 0.32 ms, found 1 plugins.
Preloading 0 native plugins for Editor in 0.00 ms.
Unloading 1784 Unused Serialized files (Serialized files now loaded: 0)
System memory in use before: 88.7 MB.
System memory in use after: 88.7 MB.

Unloading 12 unused Assets to reduce memory usage. Loaded Objects now: 2335.
Total: 1.877500 ms (FindLiveObjects: 0.185000 ms CreateObjectMapping: 0.069000 ms MarkObjects: 1.530300 ms  DeleteObjects: 0.092100 ms)

========================================================================
Received Prepare
Registering precompiled user dll's ...
Registered in 0.001037 seconds.
Begin MonoManager ReloadAssembly
Native extension for WindowsStandalone target not found
Refreshing native plugins compatible for Editor in 0.31 ms, found 1 plugins.
Preloading 0 native plugins for Editor in 0.00 ms.
Invoked RoslynAnalysisRunner static constructor.
RoslynAnalysisRunner will not be running.
RoslynAnalysisRunner has terminated.
Mono: successfully reloaded assembly
- Completed reload, in  0.875 seconds
Platform modules already initialized, skipping
Refreshing native plugins compatible for Editor in 0.33 ms, found 1 plugins.
Preloading 0 native plugins for Editor in 0.00 ms.
Unloading 1784 Unused Serialized files (Serialized files now loaded: 0)
System memory in use before: 88.8 MB.
System memory in use after: 88.8 MB.

Unloading 12 unused Assets to reduce memory usage. Loaded Objects now: 2338.
Total: 1.748300 ms (FindLiveObjects: 0.193300 ms CreateObjectMapping: 0.078800 ms MarkObjects: 1.392300 ms  DeleteObjects: 0.083100 ms)

========================================================================
Received Prepare
Registering precompiled user dll's ...
Registered in 0.000946 seconds.
Begin MonoManager ReloadAssembly
Native extension for WindowsStandalone target not found
Refreshing native plugins compatible for Editor in 0.29 ms, found 1 plugins.
Preloading 0 native plugins for Editor in 0.00 ms.
Invoked RoslynAnalysisRunner static constructor.
RoslynAnalysisRunner will not be running.
RoslynAnalysisRunner has terminated.
Mono: successfully reloaded assembly
- Completed reload, in  0.850 seconds
Platform modules already initialized, skipping
Refreshing native plugins compatible for Editor in 0.30 ms, found 1 plugins.
Preloading 0 native plugins for Editor in 0.00 ms.
Unloading 1784 Unused Serialized files (Serialized files now loaded: 0)
System memory in use before: 88.9 MB.
System memory in use after: 88.9 MB.

Unloading 12 unused Assets to reduce memory usage. Loaded Objects now: 2341.
Total: 1.644100 ms (FindLiveObjects: 0.193600 ms CreateObjectMapping: 0.072800 ms MarkObjects: 1.297400 ms  DeleteObjects: 0.079500 ms)

========================================================================
Received Prepare
Registering precompiled user dll's ...
Registered in 0.001029 seconds.
Begin MonoManager ReloadAssembly
Native extension for WindowsStandalone target not found
Refreshing native plugins compatible for Editor in 0.31 ms, found 1 plugins.
Preloading 0 native plugins for Editor in 0.00 ms.
Invoked RoslynAnalysisRunner static constructor.
RoslynAnalysisRunner will not be running.
RoslynAnalysisRunner has terminated.
Mono: successfully reloaded assembly
- Completed reload, in  0.862 seconds
Platform modules already initialized, skipping
Refreshing native plugins compatible for Editor in 0.31 ms, found 1 plugins.
Preloading 0 native plugins for Editor in 0.00 ms.
Unloading 1784 Unused Serialized files (Serialized files now loaded: 0)
System memory in use before: 88.9 MB.
System memory in use after: 88.9 MB.

Unloading 12 unused Assets to reduce memory usage. Loaded Objects now: 2344.
Total: 1.571200 ms (FindLiveObjects: 0.164100 ms CreateObjectMapping: 0.061000 ms MarkObjects: 1.265700 ms  DeleteObjects: 0.079600 ms)

========================================================================
Received Prepare
Registering precompiled user dll's ...
Registered in 0.001014 seconds.
Begin MonoManager ReloadAssembly
Native extension for WindowsStandalone target not found
Refreshing native plugins compatible for Editor in 0.31 ms, found 1 plugins.
Preloading 0 native plugins for Editor in 0.00 ms.
Invoked RoslynAnalysisRunner static constructor.
RoslynAnalysisRunner will not be running.
RoslynAnalysisRunner has terminated.
Mono: successfully reloaded assembly
- Completed reload, in  0.824 seconds
Platform modules already initialized, skipping
Refreshing native plugins compatible for Editor in 0.44 ms, found 1 plugins.
Preloading 0 native plugins for Editor in 0.00 ms.
Unloading 1784 Unused Serialized files (Serialized files now loaded: 0)
System memory in use before: 89.0 MB.
System memory in use after: 89.0 MB.

Unloading 12 unused Assets to reduce memory usage. Loaded Objects now: 2347.
Total: 1.644200 ms (FindLiveObjects: 0.177400 ms CreateObjectMapping: 0.063700 ms MarkObjects: 1.311300 ms  DeleteObjects: 0.090800 ms)

========================================================================
Received Prepare
Registering precompiled user dll's ...
Registered in 0.001169 seconds.
Begin MonoManager ReloadAssembly
Native extension for WindowsStandalone target not found
Refreshing native plugins compatible for Editor in 0.34 ms, found 1 plugins.
Preloading 0 native plugins for Editor in 0.00 ms.
Invoked RoslynAnalysisRunner static constructor.
RoslynAnalysisRunner will not be running.
RoslynAnalysisRunner has terminated.
Mono: successfully reloaded assembly
- Completed reload, in  0.928 seconds
Platform modules already initialized, skipping
Refreshing native plugins compatible for Editor in 0.31 ms, found 1 plugins.
Preloading 0 native plugins for Editor in 0.00 ms.
Unloading 1784 Unused Serialized files (Serialized files now loaded: 0)
System memory in use before: 89.1 MB.
System memory in use after: 89.1 MB.

Unloading 12 unused Assets to reduce memory usage. Loaded Objects now: 2350.
Total: 1.822000 ms (FindLiveObjects: 0.204800 ms CreateObjectMapping: 0.093600 ms MarkObjects: 1.428900 ms  DeleteObjects: 0.093700 ms)

========================================================================
Received Prepare
Registering precompiled user dll's ...
Registered in 0.001038 seconds.
Begin MonoManager ReloadAssembly
Native extension for WindowsStandalone target not found
Refreshing native plugins compatible for Editor in 0.31 ms, found 1 plugins.
Preloading 0 native plugins for Editor in 0.00 ms.
Invoked RoslynAnalysisRunner static constructor.
RoslynAnalysisRunner will not be running.
RoslynAnalysisRunner has terminated.
Mono: successfully reloaded assembly
- Completed reload, in  0.925 seconds
Platform modules already initialized, skipping
Refreshing native plugins compatible for Editor in 0.35 ms, found 1 plugins.
Preloading 0 native plugins for Editor in 0.00 ms.
Unloading 1784 Unused Serialized files (Serialized files now loaded: 0)
System memory in use before: 89.2 MB.
System memory in use after: 89.2 MB.

Unloading 12 unused Assets to reduce memory usage. Loaded Objects now: 2353.
Total: 1.744700 ms (FindLiveObjects: 0.193000 ms CreateObjectMapping: 0.072800 ms MarkObjects: 1.393200 ms  DeleteObjects: 0.084600 ms)

========================================================================
Received Prepare
Registering precompiled user dll's ...
Registered in 0.001006 seconds.
Begin MonoManager ReloadAssembly
Native extension for WindowsStandalone target not found
Refreshing native plugins compatible for Editor in 0.34 ms, found 1 plugins.
Preloading 0 native plugins for Editor in 0.00 ms.
Invoked RoslynAnalysisRunner static constructor.
RoslynAnalysisRunner will not be running.
RoslynAnalysisRunner has terminated.
Mono: successfully reloaded assembly
- Completed reload, in  0.872 seconds
Platform modules already initialized, skipping
Refreshing native plugins compatible for Editor in 0.31 ms, found 1 plugins.
Preloading 0 native plugins for Editor in 0.00 ms.
Unloading 1784 Unused Serialized files (Serialized files now loaded: 0)
System memory in use before: 89.2 MB.
System memory in use after: 89.2 MB.

Unloading 12 unused Assets to reduce memory usage. Loaded Objects now: 2356.
Total: 2.495900 ms (FindLiveObjects: 0.177600 ms CreateObjectMapping: 0.067100 ms MarkObjects: 2.097600 ms  DeleteObjects: 0.152600 ms)

========================================================================
Received Prepare
Registering precompiled user dll's ...
Registered in 0.001394 seconds.
Begin MonoManager ReloadAssembly
Native extension for WindowsStandalone target not found
Refreshing native plugins compatible for Editor in 0.43 ms, found 1 plugins.
Preloading 0 native plugins for Editor in 0.00 ms.
Invoked RoslynAnalysisRunner static constructor.
RoslynAnalysisRunner will not be running.
RoslynAnalysisRunner has terminated.
Mono: successfully reloaded assembly
- Completed reload, in  0.967 seconds
Platform modules already initialized, skipping
Refreshing native plugins compatible for Editor in 0.40 ms, found 1 plugins.
Preloading 0 native plugins for Editor in 0.00 ms.
Unloading 1784 Unused Serialized files (Serialized files now loaded: 0)
System memory in use before: 89.3 MB.
System memory in use after: 89.3 MB.

Unloading 12 unused Assets to reduce memory usage. Loaded Objects now: 2359.
Total: 2.193600 ms (FindLiveObjects: 0.308700 ms CreateObjectMapping: 0.116200 ms MarkObjects: 1.661400 ms  DeleteObjects: 0.105400 ms)

========================================================================
Received Prepare
Registering precompiled user dll's ...
Registered in 0.001530 seconds.
Begin MonoManager ReloadAssembly
Native extension for WindowsStandalone target not found
Refreshing native plugins compatible for Editor in 0.52 ms, found 1 plugins.
Preloading 0 native plugins for Editor in 0.00 ms.
Invoked RoslynAnalysisRunner static constructor.
RoslynAnalysisRunner will not be running.
RoslynAnalysisRunner has terminated.
Mono: successfully reloaded assembly
- Completed reload, in  0.914 seconds
Platform modules already initialized, skipping
Refreshing native plugins compatible for Editor in 0.38 ms, found 1 plugins.
Preloading 0 native plugins for Editor in 0.00 ms.
Unloading 1784 Unused Serialized files (Serialized files now loaded: 0)
System memory in use before: 88.4 MB.
System memory in use after: 88.4 MB.

Unloading 12 unused Assets to reduce memory usage. Loaded Objects now: 2362.
Total: 2.895700 ms (FindLiveObjects: 0.256100 ms CreateObjectMapping: 0.085800 ms MarkObjects: 2.445900 ms  DeleteObjects: 0.106600 ms)

AssetImportWorkerClient::OnTransportError - code=2 error=End of file
